{"/Users/I538919/Documents/GitHub/cds-dpi/cds-plugin.js": {"path":"/Users/I538919/Documents/GitHub/cds-dpi/cds-plugin.js","statementMap":{"0":{"start":{"line":1,"column":12},"end":{"line":1,"column":31}},"1":{"start":{"line":2,"column":25},"end":{"line":2,"column":62}},"2":{"start":{"line":4,"column":0},"end":{"line":12,"column":1}},"3":{"start":{"line":8,"column":4},"end":{"line":11,"column":7}},"4":{"start":{"line":9,"column":33},"end":{"line":9,"column":51}},"5":{"start":{"line":10,"column":8},"end":{"line":10,"column":28}},"6":{"start":{"line":14,"column":0},"end":{"line":14,"column":57}},"7":{"start":{"line":15,"column":0},"end":{"line":15,"column":61}}},"fnMap":{"0":{"name":"(anonymous_0)","decl":{"start":{"line":8,"column":21},"end":{"line":8,"column":22}},"loc":{"start":{"line":8,"column":26},"end":{"line":11,"column":5}},"line":8}},"branchMap":{"0":{"loc":{"start":{"line":4,"column":0},"end":{"line":12,"column":1}},"type":"if","locations":[{"start":{"line":4,"column":0},"end":{"line":12,"column":1}},{"start":{},"end":{}}],"line":4}},"s":{"0":1,"1":1,"2":1,"3":1,"4":1,"5":1,"6":1,"7":1},"f":{"0":1},"b":{"0":[1,0]},"_coverageSchema":"1a1c01bbd47fc00a2c39e90264f33305004495a9","hash":"e38892607f8827ee0d05e59ca79689879d93461d"}
,"/Users/I538919/Documents/GitHub/cds-dpi/lib/drm-service.js": {"path":"/Users/I538919/Documents/GitHub/cds-dpi/lib/drm-service.js","statementMap":{"0":{"start":{"line":1,"column":12},"end":{"line":1,"column":31}},"1":{"start":{"line":1,"column":41},"end":{"line":1,"column":57}},"2":{"start":{"line":2,"column":22},"end":{"line":2,"column":59}},"3":{"start":{"line":3,"column":29},"end":{"line":3,"column":86}},"4":{"start":{"line":4,"column":33},"end":{"line":4,"column":94}},"5":{"start":{"line":5,"column":33},"end":{"line":5,"column":102}},"6":{"start":{"line":6,"column":44},"end":{"line":6,"column":126}},"7":{"start":{"line":7,"column":27},"end":{"line":7,"column":67}},"8":{"start":{"line":8,"column":27},"end":{"line":8,"column":62}},"9":{"start":{"line":9,"column":0},"end":{"line":9,"column":27}},"10":{"start":{"line":11,"column":0},"end":{"line":60,"column":1}},"11":{"start":{"line":13,"column":15},"end":{"line":13,"column":41}},"12":{"start":{"line":16,"column":19},"end":{"line":16,"column":49}},"13":{"start":{"line":17,"column":4},"end":{"line":17,"column":46}},"14":{"start":{"line":19,"column":4},"end":{"line":19,"column":64}},"15":{"start":{"line":21,"column":4},"end":{"line":21,"column":37}},"16":{"start":{"line":22,"column":4},"end":{"line":22,"column":48}},"17":{"start":{"line":24,"column":4},"end":{"line":24,"column":54}},"18":{"start":{"line":26,"column":4},"end":{"line":26,"column":33}},"19":{"start":{"line":27,"column":4},"end":{"line":27,"column":37}},"20":{"start":{"line":29,"column":4},"end":{"line":59,"column":7}},"21":{"start":{"line":30,"column":22},"end":{"line":30,"column":52}},"22":{"start":{"line":31,"column":8},"end":{"line":34,"column":9}},"23":{"start":{"line":32,"column":27},"end":{"line":32,"column":53}},"24":{"start":{"line":33,"column":12},"end":{"line":33,"column":68}},"25":{"start":{"line":35,"column":24},"end":{"line":42,"column":9}},"26":{"start":{"line":36,"column":23},"end":{"line":36,"column":25}},"27":{"start":{"line":37,"column":12},"end":{"line":40,"column":15}},"28":{"start":{"line":38,"column":36},"end":{"line":38,"column":70}},"29":{"start":{"line":39,"column":16},"end":{"line":39,"column":50}},"30":{"start":{"line":41,"column":12},"end":{"line":41,"column":24}},"31":{"start":{"line":43,"column":19},"end":{"line":43,"column":21}},"32":{"start":{"line":44,"column":8},"end":{"line":54,"column":9}},"33":{"start":{"line":45,"column":12},"end":{"line":45,"column":33}},"34":{"start":{"line":46,"column":15},"end":{"line":54,"column":9}},"35":{"start":{"line":47,"column":12},"end":{"line":47,"column":33}},"36":{"start":{"line":48,"column":15},"end":{"line":54,"column":9}},"37":{"start":{"line":49,"column":12},"end":{"line":49,"column":33}},"38":{"start":{"line":50,"column":15},"end":{"line":54,"column":9}},"39":{"start":{"line":51,"column":12},"end":{"line":51,"column":33}},"40":{"start":{"line":53,"column":12},"end":{"line":53,"column":33}},"41":{"start":{"line":55,"column":8},"end":{"line":55,"column":50}},"42":{"start":{"line":56,"column":8},"end":{"line":56,"column":105}},"43":{"start":{"line":57,"column":8},"end":{"line":57,"column":28}},"44":{"start":{"line":58,"column":8},"end":{"line":58,"column":26}}},"fnMap":{"0":{"name":"(anonymous_0)","decl":{"start":{"line":11,"column":17},"end":{"line":11,"column":18}},"loc":{"start":{"line":11,"column":30},"end":{"line":60,"column":1}},"line":11},"1":{"name":"(anonymous_1)","decl":{"start":{"line":29,"column":47},"end":{"line":29,"column":48}},"loc":{"start":{"line":29,"column":62},"end":{"line":59,"column":5}},"line":29},"2":{"name":"(anonymous_2)","decl":{"start":{"line":35,"column":24},"end":{"line":35,"column":25}},"loc":{"start":{"line":35,"column":38},"end":{"line":42,"column":9}},"line":35},"3":{"name":"(anonymous_3)","decl":{"start":{"line":37,"column":40},"end":{"line":37,"column":41}},"loc":{"start":{"line":37,"column":47},"end":{"line":40,"column":13}},"line":37}},"branchMap":{"0":{"loc":{"start":{"line":30,"column":22},"end":{"line":30,"column":52}},"type":"binary-expr","locations":[{"start":{"line":30,"column":22},"end":{"line":30,"column":39}},{"start":{"line":30,"column":43},"end":{"line":30,"column":52}}],"line":30},"1":{"loc":{"start":{"line":31,"column":8},"end":{"line":34,"column":9}},"type":"if","locations":[{"start":{"line":31,"column":8},"end":{"line":34,"column":9}},{"start":{},"end":{}}],"line":31},"2":{"loc":{"start":{"line":44,"column":8},"end":{"line":54,"column":9}},"type":"if","locations":[{"start":{"line":44,"column":8},"end":{"line":54,"column":9}},{"start":{"line":46,"column":15},"end":{"line":54,"column":9}}],"line":44},"3":{"loc":{"start":{"line":46,"column":15},"end":{"line":54,"column":9}},"type":"if","locations":[{"start":{"line":46,"column":15},"end":{"line":54,"column":9}},{"start":{"line":48,"column":15},"end":{"line":54,"column":9}}],"line":46},"4":{"loc":{"start":{"line":48,"column":15},"end":{"line":54,"column":9}},"type":"if","locations":[{"start":{"line":48,"column":15},"end":{"line":54,"column":9}},{"start":{"line":50,"column":15},"end":{"line":54,"column":9}}],"line":48},"5":{"loc":{"start":{"line":50,"column":15},"end":{"line":54,"column":9}},"type":"if","locations":[{"start":{"line":50,"column":15},"end":{"line":54,"column":9}},{"start":{"line":52,"column":15},"end":{"line":54,"column":9}}],"line":50},"6":{"loc":{"start":{"line":56,"column":67},"end":{"line":56,"column":101}},"type":"binary-expr","locations":[{"start":{"line":56,"column":67},"end":{"line":56,"column":80}},{"start":{"line":56,"column":84},"end":{"line":56,"column":101}}],"line":56}},"s":{"0":1,"1":1,"2":1,"3":1,"4":1,"5":1,"6":1,"7":1,"8":1,"9":1,"10":1,"11":1,"12":1,"13":1,"14":1,"15":1,"16":1,"17":1,"18":1,"19":1,"20":1,"21":0,"22":0,"23":0,"24":0,"25":0,"26":0,"27":0,"28":0,"29":0,"30":0,"31":0,"32":0,"33":0,"34":0,"35":0,"36":0,"37":0,"38":0,"39":0,"40":0,"41":0,"42":0,"43":0,"44":0},"f":{"0":1,"1":0,"2":0,"3":0},"b":{"0":[0,0],"1":[0,0],"2":[0,0],"3":[0,0],"4":[0,0],"5":[0,0],"6":[0,0]},"_coverageSchema":"1a1c01bbd47fc00a2c39e90264f33305004495a9","hash":"7f0a2d76588bc65f7c3c76fd6564c12ddc8f8996"}
,"/Users/I538919/Documents/GitHub/cds-dpi/lib/utils.js": {"path":"/Users/I538919/Documents/GitHub/cds-dpi/lib/utils.js","statementMap":{"0":{"start":{"line":1,"column":12},"end":{"line":1,"column":31}},"1":{"start":{"line":3,"column":34},"end":{"line":25,"column":1}},"2":{"start":{"line":4,"column":16},"end":{"line":4,"column":18}},"3":{"start":{"line":5,"column":4},"end":{"line":23,"column":6}},"4":{"start":{"line":6,"column":8},"end":{"line":6,"column":40}},"5":{"start":{"line":6,"column":23},"end":{"line":6,"column":40}},"6":{"start":{"line":7,"column":8},"end":{"line":9,"column":9}},"7":{"start":{"line":10,"column":8},"end":{"line":22,"column":9}},"8":{"start":{"line":11,"column":12},"end":{"line":14,"column":13}},"9":{"start":{"line":16,"column":12},"end":{"line":21,"column":13}},"10":{"start":{"line":24,"column":4},"end":{"line":24,"column":16}},"11":{"start":{"line":27,"column":29},"end":{"line":38,"column":1}},"12":{"start":{"line":28,"column":16},"end":{"line":28,"column":18}},"13":{"start":{"line":29,"column":4},"end":{"line":36,"column":6}},"14":{"start":{"line":30,"column":8},"end":{"line":30,"column":40}},"15":{"start":{"line":30,"column":23},"end":{"line":30,"column":40}},"16":{"start":{"line":31,"column":8},"end":{"line":35,"column":9}},"17":{"start":{"line":37,"column":4},"end":{"line":37,"column":16}},"18":{"start":{"line":40,"column":34},"end":{"line":49,"column":1}},"19":{"start":{"line":41,"column":4},"end":{"line":47,"column":5}},"20":{"start":{"line":42,"column":31},"end":{"line":42,"column":130}},"21":{"start":{"line":42,"column":84},"end":{"line":42,"column":129}},"22":{"start":{"line":43,"column":26},"end":{"line":43,"column":120}},"23":{"start":{"line":43,"column":79},"end":{"line":43,"column":119}},"24":{"start":{"line":44,"column":8},"end":{"line":46,"column":74}},"25":{"start":{"line":44,"column":28},"end":{"line":44,"column":62}},"26":{"start":{"line":45,"column":13},"end":{"line":46,"column":74}},"27":{"start":{"line":45,"column":28},"end":{"line":45,"column":57}},"28":{"start":{"line":46,"column":13},"end":{"line":46,"column":74}},"29":{"start":{"line":48,"column":4},"end":{"line":48,"column":33}},"30":{"start":{"line":51,"column":33},"end":{"line":69,"column":1}},"31":{"start":{"line":52,"column":4},"end":{"line":67,"column":5}},"32":{"start":{"line":53,"column":8},"end":{"line":53,"column":55}},"33":{"start":{"line":54,"column":9},"end":{"line":67,"column":5}},"34":{"start":{"line":55,"column":23},"end":{"line":55,"column":25}},"35":{"start":{"line":56,"column":8},"end":{"line":57,"column":85}},"36":{"start":{"line":57,"column":12},"end":{"line":57,"column":85}},"37":{"start":{"line":58,"column":8},"end":{"line":59,"column":84}},"38":{"start":{"line":59,"column":12},"end":{"line":59,"column":84}},"39":{"start":{"line":60,"column":8},"end":{"line":61,"column":89}},"40":{"start":{"line":61,"column":12},"end":{"line":61,"column":89}},"41":{"start":{"line":63,"column":8},"end":{"line":63,"column":72}},"42":{"start":{"line":64,"column":8},"end":{"line":65,"column":85}},"43":{"start":{"line":65,"column":12},"end":{"line":65,"column":85}},"44":{"start":{"line":66,"column":8},"end":{"line":66,"column":23}},"45":{"start":{"line":68,"column":4},"end":{"line":68,"column":32}},"46":{"start":{"line":71,"column":31},"end":{"line":71,"column":81}},"47":{"start":{"line":71,"column":45},"end":{"line":71,"column":81}},"48":{"start":{"line":72,"column":31},"end":{"line":72,"column":81}},"49":{"start":{"line":72,"column":45},"end":{"line":72,"column":81}},"50":{"start":{"line":73,"column":35},"end":{"line":73,"column":89}},"51":{"start":{"line":73,"column":49},"end":{"line":73,"column":89}},"52":{"start":{"line":75,"column":24},"end":{"line":80,"column":1}},"53":{"start":{"line":76,"column":4},"end":{"line":79,"column":5}},"54":{"start":{"line":77,"column":8},"end":{"line":78,"column":26}},"55":{"start":{"line":78,"column":12},"end":{"line":78,"column":26}},"56":{"start":{"line":82,"column":18},"end":{"line":87,"column":1}},"57":{"start":{"line":83,"column":4},"end":{"line":86,"column":5}},"58":{"start":{"line":84,"column":8},"end":{"line":85,"column":26}},"59":{"start":{"line":85,"column":12},"end":{"line":85,"column":26}},"60":{"start":{"line":89,"column":31},"end":{"line":105,"column":1}},"61":{"start":{"line":90,"column":31},"end":{"line":90,"column":70}},"62":{"start":{"line":91,"column":18},"end":{"line":95,"column":5}},"63":{"start":{"line":96,"column":4},"end":{"line":103,"column":5}},"64":{"start":{"line":97,"column":8},"end":{"line":102,"column":9}},"65":{"start":{"line":104,"column":4},"end":{"line":104,"column":16}},"66":{"start":{"line":107,"column":32},"end":{"line":112,"column":1}},"67":{"start":{"line":108,"column":31},"end":{"line":108,"column":70}},"68":{"start":{"line":109,"column":18},"end":{"line":109,"column":20}},"69":{"start":{"line":110,"column":4},"end":{"line":110,"column":43}},"70":{"start":{"line":111,"column":4},"end":{"line":111,"column":16}},"71":{"start":{"line":113,"column":35},"end":{"line":120,"column":1}},"72":{"start":{"line":114,"column":31},"end":{"line":114,"column":70}},"73":{"start":{"line":115,"column":4},"end":{"line":119,"column":5}},"74":{"start":{"line":118,"column":31},"end":{"line":118,"column":39}},"75":{"start":{"line":122,"column":32},"end":{"line":131,"column":1}},"76":{"start":{"line":123,"column":21},"end":{"line":123,"column":23}},"77":{"start":{"line":124,"column":4},"end":{"line":129,"column":5}},"78":{"start":{"line":125,"column":23},"end":{"line":125,"column":47}},"79":{"start":{"line":126,"column":8},"end":{"line":128,"column":9}},"80":{"start":{"line":127,"column":12},"end":{"line":127,"column":33}},"81":{"start":{"line":130,"column":4},"end":{"line":130,"column":19}},"82":{"start":{"line":133,"column":35},"end":{"line":142,"column":1}},"83":{"start":{"line":134,"column":21},"end":{"line":134,"column":23}},"84":{"start":{"line":135,"column":4},"end":{"line":140,"column":5}},"85":{"start":{"line":136,"column":23},"end":{"line":136,"column":47}},"86":{"start":{"line":137,"column":8},"end":{"line":139,"column":9}},"87":{"start":{"line":138,"column":12},"end":{"line":138,"column":33}},"88":{"start":{"line":141,"column":4},"end":{"line":141,"column":19}},"89":{"start":{"line":144,"column":28},"end":{"line":153,"column":1}},"90":{"start":{"line":145,"column":21},"end":{"line":145,"column":23}},"91":{"start":{"line":146,"column":4},"end":{"line":151,"column":5}},"92":{"start":{"line":147,"column":23},"end":{"line":147,"column":47}},"93":{"start":{"line":148,"column":8},"end":{"line":150,"column":9}},"94":{"start":{"line":149,"column":12},"end":{"line":149,"column":33}},"95":{"start":{"line":152,"column":4},"end":{"line":152,"column":19}},"96":{"start":{"line":155,"column":36},"end":{"line":163,"column":1}},"97":{"start":{"line":156,"column":4},"end":{"line":161,"column":5}},"98":{"start":{"line":157,"column":23},"end":{"line":157,"column":47}},"99":{"start":{"line":158,"column":8},"end":{"line":160,"column":9}},"100":{"start":{"line":159,"column":12},"end":{"line":159,"column":25}},"101":{"start":{"line":162,"column":4},"end":{"line":162,"column":15}},"102":{"start":{"line":165,"column":31},"end":{"line":169,"column":1}},"103":{"start":{"line":166,"column":18},"end":{"line":166,"column":38}},"104":{"start":{"line":167,"column":17},"end":{"line":167,"column":38}},"105":{"start":{"line":168,"column":4},"end":{"line":168,"column":29}},"106":{"start":{"line":171,"column":28},"end":{"line":183,"column":1}},"107":{"start":{"line":172,"column":20},"end":{"line":172,"column":22}},"108":{"start":{"line":173,"column":4},"end":{"line":173,"column":22}},"109":{"start":{"line":174,"column":4},"end":{"line":176,"column":5}},"110":{"start":{"line":175,"column":8},"end":{"line":175,"column":97}},"111":{"start":{"line":177,"column":4},"end":{"line":181,"column":5}},"112":{"start":{"line":178,"column":8},"end":{"line":180,"column":9}},"113":{"start":{"line":179,"column":12},"end":{"line":179,"column":106}},"114":{"start":{"line":182,"column":4},"end":{"line":182,"column":18}},"115":{"start":{"line":185,"column":17},"end":{"line":190,"column":1}},"116":{"start":{"line":186,"column":4},"end":{"line":189,"column":43}},"117":{"start":{"line":187,"column":6},"end":{"line":187,"column":19}},"118":{"start":{"line":189,"column":6},"end":{"line":189,"column":43}},"119":{"start":{"line":192,"column":36},"end":{"line":221,"column":1}},"120":{"start":{"line":193,"column":41},"end":{"line":193,"column":43}},"121":{"start":{"line":194,"column":4},"end":{"line":194,"column":26}},"122":{"start":{"line":194,"column":17},"end":{"line":194,"column":26}},"123":{"start":{"line":195,"column":4},"end":{"line":195,"column":30}},"124":{"start":{"line":196,"column":18},"end":{"line":196,"column":49}},"125":{"start":{"line":197,"column":4},"end":{"line":219,"column":5}},"126":{"start":{"line":198,"column":27},"end":{"line":198,"column":49}},"127":{"start":{"line":199,"column":8},"end":{"line":218,"column":9}},"128":{"start":{"line":200,"column":66},"end":{"line":200,"column":92}},"129":{"start":{"line":202,"column":12},"end":{"line":217,"column":13}},"130":{"start":{"line":203,"column":36},"end":{"line":203,"column":66}},"131":{"start":{"line":204,"column":16},"end":{"line":216,"column":17}},"132":{"start":{"line":205,"column":20},"end":{"line":215,"column":21}},"133":{"start":{"line":211,"column":32},"end":{"line":211,"column":66}},"134":{"start":{"line":212,"column":32},"end":{"line":212,"column":42}},"135":{"start":{"line":220,"column":4},"end":{"line":220,"column":39}},"136":{"start":{"line":222,"column":25},"end":{"line":262,"column":1}},"137":{"start":{"line":223,"column":28},"end":{"line":223,"column":61}},"138":{"start":{"line":224,"column":28},"end":{"line":224,"column":89}},"139":{"start":{"line":225,"column":20},"end":{"line":232,"column":5}},"140":{"start":{"line":226,"column":8},"end":{"line":230,"column":9}},"141":{"start":{"line":227,"column":40},"end":{"line":227,"column":66}},"142":{"start":{"line":228,"column":40},"end":{"line":228,"column":74}},"143":{"start":{"line":229,"column":12},"end":{"line":229,"column":70}},"144":{"start":{"line":231,"column":8},"end":{"line":231,"column":59}},"145":{"start":{"line":233,"column":23},"end":{"line":233,"column":32}},"146":{"start":{"line":236,"column":30},"end":{"line":240,"column":5}},"147":{"start":{"line":237,"column":8},"end":{"line":237,"column":55}},"148":{"start":{"line":237,"column":39},"end":{"line":237,"column":55}},"149":{"start":{"line":238,"column":21},"end":{"line":238,"column":61}},"150":{"start":{"line":239,"column":6},"end":{"line":239,"column":63}},"151":{"start":{"line":247,"column":22},"end":{"line":256,"column":5}},"152":{"start":{"line":248,"column":8},"end":{"line":248,"column":51}},"153":{"start":{"line":248,"column":39},"end":{"line":248,"column":51}},"154":{"start":{"line":249,"column":21},"end":{"line":249,"column":61}},"155":{"start":{"line":250,"column":6},"end":{"line":250,"column":31}},"156":{"start":{"line":250,"column":19},"end":{"line":250,"column":31}},"157":{"start":{"line":251,"column":6},"end":{"line":255,"column":27}},"158":{"start":{"line":252,"column":8},"end":{"line":252,"column":44}},"159":{"start":{"line":254,"column":11},"end":{"line":255,"column":27}},"160":{"start":{"line":254,"column":38},"end":{"line":254,"column":66}},"161":{"start":{"line":255,"column":11},"end":{"line":255,"column":27}},"162":{"start":{"line":257,"column":4},"end":{"line":261,"column":5}},"163":{"start":{"line":264,"column":0},"end":{"line":286,"column":1}}},"fnMap":{"0":{"name":"(anonymous_0)","decl":{"start":{"line":3,"column":34},"end":{"line":3,"column":35}},"loc":{"start":{"line":3,"column":48},"end":{"line":25,"column":1}},"line":3},"1":{"name":"(anonymous_1)","decl":{"start":{"line":5,"column":21},"end":{"line":5,"column":22}},"loc":{"start":{"line":5,"column":33},"end":{"line":23,"column":5}},"line":5},"2":{"name":"(anonymous_2)","decl":{"start":{"line":27,"column":29},"end":{"line":27,"column":30}},"loc":{"start":{"line":27,"column":45},"end":{"line":38,"column":1}},"line":27},"3":{"name":"(anonymous_3)","decl":{"start":{"line":29,"column":23},"end":{"line":29,"column":24}},"loc":{"start":{"line":29,"column":35},"end":{"line":36,"column":5}},"line":29},"4":{"name":"(anonymous_4)","decl":{"start":{"line":40,"column":34},"end":{"line":40,"column":35}},"loc":{"start":{"line":40,"column":46},"end":{"line":49,"column":1}},"line":40},"5":{"name":"(anonymous_5)","decl":{"start":{"line":42,"column":75},"end":{"line":42,"column":76}},"loc":{"start":{"line":42,"column":84},"end":{"line":42,"column":129}},"line":42},"6":{"name":"(anonymous_6)","decl":{"start":{"line":43,"column":70},"end":{"line":43,"column":71}},"loc":{"start":{"line":43,"column":79},"end":{"line":43,"column":119}},"line":43},"7":{"name":"(anonymous_7)","decl":{"start":{"line":51,"column":33},"end":{"line":51,"column":34}},"loc":{"start":{"line":51,"column":45},"end":{"line":69,"column":1}},"line":51},"8":{"name":"(anonymous_8)","decl":{"start":{"line":71,"column":31},"end":{"line":71,"column":32}},"loc":{"start":{"line":71,"column":45},"end":{"line":71,"column":81}},"line":71},"9":{"name":"(anonymous_9)","decl":{"start":{"line":72,"column":31},"end":{"line":72,"column":32}},"loc":{"start":{"line":72,"column":45},"end":{"line":72,"column":81}},"line":72},"10":{"name":"(anonymous_10)","decl":{"start":{"line":73,"column":35},"end":{"line":73,"column":36}},"loc":{"start":{"line":73,"column":49},"end":{"line":73,"column":89}},"line":73},"11":{"name":"(anonymous_11)","decl":{"start":{"line":75,"column":24},"end":{"line":75,"column":25}},"loc":{"start":{"line":75,"column":38},"end":{"line":80,"column":1}},"line":75},"12":{"name":"(anonymous_12)","decl":{"start":{"line":82,"column":18},"end":{"line":82,"column":19}},"loc":{"start":{"line":82,"column":38},"end":{"line":87,"column":1}},"line":82},"13":{"name":"(anonymous_13)","decl":{"start":{"line":89,"column":31},"end":{"line":89,"column":32}},"loc":{"start":{"line":89,"column":55},"end":{"line":105,"column":1}},"line":89},"14":{"name":"(anonymous_14)","decl":{"start":{"line":107,"column":32},"end":{"line":107,"column":33}},"loc":{"start":{"line":107,"column":51},"end":{"line":112,"column":1}},"line":107},"15":{"name":"(anonymous_15)","decl":{"start":{"line":113,"column":35},"end":{"line":113,"column":36}},"loc":{"start":{"line":113,"column":54},"end":{"line":120,"column":1}},"line":113},"16":{"name":"(anonymous_16)","decl":{"start":{"line":118,"column":25},"end":{"line":118,"column":26}},"loc":{"start":{"line":118,"column":31},"end":{"line":118,"column":39}},"line":118},"17":{"name":"(anonymous_17)","decl":{"start":{"line":122,"column":32},"end":{"line":122,"column":33}},"loc":{"start":{"line":122,"column":49},"end":{"line":131,"column":1}},"line":122},"18":{"name":"(anonymous_18)","decl":{"start":{"line":133,"column":35},"end":{"line":133,"column":36}},"loc":{"start":{"line":133,"column":52},"end":{"line":142,"column":1}},"line":133},"19":{"name":"(anonymous_19)","decl":{"start":{"line":144,"column":28},"end":{"line":144,"column":29}},"loc":{"start":{"line":144,"column":45},"end":{"line":153,"column":1}},"line":144},"20":{"name":"(anonymous_20)","decl":{"start":{"line":155,"column":36},"end":{"line":155,"column":37}},"loc":{"start":{"line":155,"column":53},"end":{"line":163,"column":1}},"line":155},"21":{"name":"(anonymous_21)","decl":{"start":{"line":165,"column":31},"end":{"line":165,"column":32}},"loc":{"start":{"line":165,"column":51},"end":{"line":169,"column":1}},"line":165},"22":{"name":"(anonymous_22)","decl":{"start":{"line":171,"column":28},"end":{"line":171,"column":29}},"loc":{"start":{"line":171,"column":57},"end":{"line":183,"column":1}},"line":171},"23":{"name":"(anonymous_23)","decl":{"start":{"line":185,"column":17},"end":{"line":185,"column":18}},"loc":{"start":{"line":185,"column":30},"end":{"line":190,"column":1}},"line":185},"24":{"name":"(anonymous_24)","decl":{"start":{"line":192,"column":36},"end":{"line":192,"column":37}},"loc":{"start":{"line":192,"column":61},"end":{"line":221,"column":1}},"line":192},"25":{"name":"(anonymous_25)","decl":{"start":{"line":200,"column":59},"end":{"line":200,"column":60}},"loc":{"start":{"line":200,"column":66},"end":{"line":200,"column":92}},"line":200},"26":{"name":"(anonymous_26)","decl":{"start":{"line":210,"column":60},"end":{"line":210,"column":61}},"loc":{"start":{"line":210,"column":74},"end":{"line":213,"column":29}},"line":210},"27":{"name":"(anonymous_27)","decl":{"start":{"line":222,"column":25},"end":{"line":222,"column":26}},"loc":{"start":{"line":222,"column":44},"end":{"line":262,"column":1}},"line":222},"28":{"name":"(anonymous_28)","decl":{"start":{"line":225,"column":20},"end":{"line":225,"column":21}},"loc":{"start":{"line":225,"column":26},"end":{"line":232,"column":5}},"line":225},"29":{"name":"(anonymous_29)","decl":{"start":{"line":236,"column":30},"end":{"line":236,"column":31}},"loc":{"start":{"line":236,"column":41},"end":{"line":240,"column":5}},"line":236},"30":{"name":"(anonymous_30)","decl":{"start":{"line":247,"column":22},"end":{"line":247,"column":23}},"loc":{"start":{"line":247,"column":33},"end":{"line":256,"column":5}},"line":247}},"branchMap":{"0":{"loc":{"start":{"line":6,"column":8},"end":{"line":6,"column":40}},"type":"if","locations":[{"start":{"line":6,"column":8},"end":{"line":6,"column":40}},{"start":{},"end":{}}],"line":6},"1":{"loc":{"start":{"line":10,"column":8},"end":{"line":22,"column":9}},"type":"if","locations":[{"start":{"line":10,"column":8},"end":{"line":22,"column":9}},{"start":{"line":15,"column":15},"end":{"line":22,"column":9}}],"line":10},"2":{"loc":{"start":{"line":30,"column":8},"end":{"line":30,"column":40}},"type":"if","locations":[{"start":{"line":30,"column":8},"end":{"line":30,"column":40}},{"start":{},"end":{}}],"line":30},"3":{"loc":{"start":{"line":41,"column":4},"end":{"line":47,"column":5}},"type":"if","locations":[{"start":{"line":41,"column":4},"end":{"line":47,"column":5}},{"start":{},"end":{}}],"line":41},"4":{"loc":{"start":{"line":42,"column":84},"end":{"line":42,"column":129}},"type":"binary-expr","locations":[{"start":{"line":42,"column":84},"end":{"line":42,"column":94}},{"start":{"line":42,"column":98},"end":{"line":42,"column":129}}],"line":42},"5":{"loc":{"start":{"line":43,"column":79},"end":{"line":43,"column":119}},"type":"binary-expr","locations":[{"start":{"line":43,"column":79},"end":{"line":43,"column":89}},{"start":{"line":43,"column":93},"end":{"line":43,"column":119}}],"line":43},"6":{"loc":{"start":{"line":44,"column":8},"end":{"line":46,"column":74}},"type":"if","locations":[{"start":{"line":44,"column":8},"end":{"line":46,"column":74}},{"start":{"line":45,"column":13},"end":{"line":46,"column":74}}],"line":44},"7":{"loc":{"start":{"line":45,"column":13},"end":{"line":46,"column":74}},"type":"if","locations":[{"start":{"line":45,"column":13},"end":{"line":46,"column":74}},{"start":{"line":46,"column":13},"end":{"line":46,"column":74}}],"line":45},"8":{"loc":{"start":{"line":52,"column":4},"end":{"line":67,"column":5}},"type":"if","locations":[{"start":{"line":52,"column":4},"end":{"line":67,"column":5}},{"start":{"line":54,"column":9},"end":{"line":67,"column":5}}],"line":52},"9":{"loc":{"start":{"line":54,"column":9},"end":{"line":67,"column":5}},"type":"if","locations":[{"start":{"line":54,"column":9},"end":{"line":67,"column":5}},{"start":{},"end":{}}],"line":54},"10":{"loc":{"start":{"line":56,"column":8},"end":{"line":57,"column":85}},"type":"if","locations":[{"start":{"line":56,"column":8},"end":{"line":57,"column":85}},{"start":{},"end":{}}],"line":56},"11":{"loc":{"start":{"line":58,"column":8},"end":{"line":59,"column":84}},"type":"if","locations":[{"start":{"line":58,"column":8},"end":{"line":59,"column":84}},{"start":{},"end":{}}],"line":58},"12":{"loc":{"start":{"line":60,"column":8},"end":{"line":61,"column":89}},"type":"if","locations":[{"start":{"line":60,"column":8},"end":{"line":61,"column":89}},{"start":{},"end":{}}],"line":60},"13":{"loc":{"start":{"line":64,"column":8},"end":{"line":65,"column":85}},"type":"if","locations":[{"start":{"line":64,"column":8},"end":{"line":65,"column":85}},{"start":{},"end":{}}],"line":64},"14":{"loc":{"start":{"line":77,"column":8},"end":{"line":78,"column":26}},"type":"if","locations":[{"start":{"line":77,"column":8},"end":{"line":78,"column":26}},{"start":{},"end":{}}],"line":77},"15":{"loc":{"start":{"line":77,"column":12},"end":{"line":77,"column":137}},"type":"binary-expr","locations":[{"start":{"line":77,"column":12},"end":{"line":77,"column":29}},{"start":{"line":77,"column":33},"end":{"line":77,"column":102}},{"start":{"line":77,"column":106},"end":{"line":77,"column":137}}],"line":77},"16":{"loc":{"start":{"line":84,"column":8},"end":{"line":85,"column":26}},"type":"if","locations":[{"start":{"line":84,"column":8},"end":{"line":85,"column":26}},{"start":{},"end":{}}],"line":84},"17":{"loc":{"start":{"line":84,"column":12},"end":{"line":84,"column":127}},"type":"binary-expr","locations":[{"start":{"line":84,"column":12},"end":{"line":84,"column":29}},{"start":{"line":84,"column":33},"end":{"line":84,"column":91}},{"start":{"line":84,"column":95},"end":{"line":84,"column":127}}],"line":84},"18":{"loc":{"start":{"line":96,"column":4},"end":{"line":103,"column":5}},"type":"if","locations":[{"start":{"line":96,"column":4},"end":{"line":103,"column":5}},{"start":{},"end":{}}],"line":96},"19":{"loc":{"start":{"line":126,"column":8},"end":{"line":128,"column":9}},"type":"if","locations":[{"start":{"line":126,"column":8},"end":{"line":128,"column":9}},{"start":{},"end":{}}],"line":126},"20":{"loc":{"start":{"line":126,"column":12},"end":{"line":126,"column":253}},"type":"binary-expr","locations":[{"start":{"line":126,"column":12},"end":{"line":126,"column":18}},{"start":{"line":126,"column":23},"end":{"line":126,"column":73}},{"start":{"line":126,"column":77},"end":{"line":126,"column":121}},{"start":{"line":126,"column":127},"end":{"line":126,"column":191}},{"start":{"line":126,"column":195},"end":{"line":126,"column":252}}],"line":126},"21":{"loc":{"start":{"line":137,"column":8},"end":{"line":139,"column":9}},"type":"if","locations":[{"start":{"line":137,"column":8},"end":{"line":139,"column":9}},{"start":{},"end":{}}],"line":137},"22":{"loc":{"start":{"line":137,"column":12},"end":{"line":137,"column":127}},"type":"binary-expr","locations":[{"start":{"line":137,"column":12},"end":{"line":137,"column":18}},{"start":{"line":137,"column":22},"end":{"line":137,"column":72}},{"start":{"line":137,"column":76},"end":{"line":137,"column":127}}],"line":137},"23":{"loc":{"start":{"line":148,"column":8},"end":{"line":150,"column":9}},"type":"if","locations":[{"start":{"line":148,"column":8},"end":{"line":150,"column":9}},{"start":{},"end":{}}],"line":148},"24":{"loc":{"start":{"line":148,"column":12},"end":{"line":148,"column":72}},"type":"binary-expr","locations":[{"start":{"line":148,"column":12},"end":{"line":148,"column":18}},{"start":{"line":148,"column":22},"end":{"line":148,"column":72}}],"line":148},"25":{"loc":{"start":{"line":158,"column":8},"end":{"line":160,"column":9}},"type":"if","locations":[{"start":{"line":158,"column":8},"end":{"line":160,"column":9}},{"start":{},"end":{}}],"line":158},"26":{"loc":{"start":{"line":158,"column":12},"end":{"line":158,"column":133}},"type":"binary-expr","locations":[{"start":{"line":158,"column":12},"end":{"line":158,"column":18}},{"start":{"line":158,"column":22},"end":{"line":158,"column":72}},{"start":{"line":158,"column":76},"end":{"line":158,"column":133}}],"line":158},"27":{"loc":{"start":{"line":174,"column":4},"end":{"line":176,"column":5}},"type":"if","locations":[{"start":{"line":174,"column":4},"end":{"line":176,"column":5}},{"start":{},"end":{}}],"line":174},"28":{"loc":{"start":{"line":174,"column":8},"end":{"line":174,"column":71}},"type":"binary-expr","locations":[{"start":{"line":174,"column":8},"end":{"line":174,"column":52}},{"start":{"line":174,"column":56},"end":{"line":174,"column":71}}],"line":174},"29":{"loc":{"start":{"line":177,"column":4},"end":{"line":181,"column":5}},"type":"if","locations":[{"start":{"line":177,"column":4},"end":{"line":181,"column":5}},{"start":{},"end":{}}],"line":177},"30":{"loc":{"start":{"line":186,"column":4},"end":{"line":189,"column":43}},"type":"if","locations":[{"start":{"line":186,"column":4},"end":{"line":189,"column":43}},{"start":{"line":189,"column":6},"end":{"line":189,"column":43}}],"line":186},"31":{"loc":{"start":{"line":194,"column":4},"end":{"line":194,"column":26}},"type":"if","locations":[{"start":{"line":194,"column":4},"end":{"line":194,"column":26}},{"start":{},"end":{}}],"line":194},"32":{"loc":{"start":{"line":196,"column":18},"end":{"line":196,"column":49}},"type":"binary-expr","locations":[{"start":{"line":196,"column":18},"end":{"line":196,"column":36}},{"start":{"line":196,"column":40},"end":{"line":196,"column":49}}],"line":196},"33":{"loc":{"start":{"line":199,"column":8},"end":{"line":218,"column":9}},"type":"if","locations":[{"start":{"line":199,"column":8},"end":{"line":218,"column":9}},{"start":{},"end":{}}],"line":199},"34":{"loc":{"start":{"line":199,"column":12},"end":{"line":200,"column":93}},"type":"binary-expr","locations":[{"start":{"line":199,"column":12},"end":{"line":199,"column":40}},{"start":{"line":199,"column":44},"end":{"line":199,"column":61}},{"start":{"line":199,"column":65},"end":{"line":199,"column":88}},{"start":{"line":200,"column":15},"end":{"line":200,"column":93}}],"line":199},"35":{"loc":{"start":{"line":204,"column":16},"end":{"line":216,"column":17}},"type":"if","locations":[{"start":{"line":204,"column":16},"end":{"line":216,"column":17}},{"start":{},"end":{}}],"line":204},"36":{"loc":{"start":{"line":222,"column":33},"end":{"line":222,"column":39}},"type":"default-arg","locations":[{"start":{"line":222,"column":37},"end":{"line":222,"column":39}}],"line":222},"37":{"loc":{"start":{"line":224,"column":28},"end":{"line":224,"column":89}},"type":"binary-expr","locations":[{"start":{"line":224,"column":28},"end":{"line":224,"column":56}},{"start":{"line":224,"column":60},"end":{"line":224,"column":89}}],"line":224},"38":{"loc":{"start":{"line":226,"column":8},"end":{"line":230,"column":9}},"type":"if","locations":[{"start":{"line":226,"column":8},"end":{"line":230,"column":9}},{"start":{},"end":{}}],"line":226},"39":{"loc":{"start":{"line":237,"column":8},"end":{"line":237,"column":55}},"type":"if","locations":[{"start":{"line":237,"column":8},"end":{"line":237,"column":55}},{"start":{},"end":{}}],"line":237},"40":{"loc":{"start":{"line":239,"column":13},"end":{"line":239,"column":63}},"type":"cond-expr","locations":[{"start":{"line":239,"column":42},"end":{"line":239,"column":51}},{"start":{"line":239,"column":54},"end":{"line":239,"column":63}}],"line":239},"41":{"loc":{"start":{"line":239,"column":13},"end":{"line":239,"column":39}},"type":"binary-expr","locations":[{"start":{"line":239,"column":13},"end":{"line":239,"column":19}},{"start":{"line":239,"column":23},"end":{"line":239,"column":39}}],"line":239},"42":{"loc":{"start":{"line":248,"column":8},"end":{"line":248,"column":51}},"type":"if","locations":[{"start":{"line":248,"column":8},"end":{"line":248,"column":51}},{"start":{},"end":{}}],"line":248},"43":{"loc":{"start":{"line":250,"column":6},"end":{"line":250,"column":31}},"type":"if","locations":[{"start":{"line":250,"column":6},"end":{"line":250,"column":31}},{"start":{},"end":{}}],"line":250},"44":{"loc":{"start":{"line":251,"column":6},"end":{"line":255,"column":27}},"type":"if","locations":[{"start":{"line":251,"column":6},"end":{"line":255,"column":27}},{"start":{"line":254,"column":11},"end":{"line":255,"column":27}}],"line":251},"45":{"loc":{"start":{"line":254,"column":11},"end":{"line":255,"column":27}},"type":"if","locations":[{"start":{"line":254,"column":11},"end":{"line":255,"column":27}},{"start":{"line":255,"column":11},"end":{"line":255,"column":27}}],"line":254}},"s":{"0":1,"1":1,"2":0,"3":0,"4":0,"5":0,"6":0,"7":0,"8":0,"9":0,"10":0,"11":1,"12":0,"13":0,"14":0,"15":0,"16":0,"17":0,"18":1,"19":0,"20":0,"21":0,"22":0,"23":0,"24":0,"25":0,"26":0,"27":0,"28":0,"29":0,"30":1,"31":0,"32":0,"33":0,"34":0,"35":0,"36":0,"37":0,"38":0,"39":0,"40":0,"41":0,"42":0,"43":0,"44":0,"45":0,"46":1,"47":0,"48":1,"49":8,"50":1,"51":0,"52":1,"53":0,"54":0,"55":0,"56":1,"57":8,"58":104,"59":8,"60":1,"61":0,"62":0,"63":0,"64":0,"65":0,"66":1,"67":0,"68":0,"69":0,"70":0,"71":1,"72":0,"73":0,"74":0,"75":1,"76":0,"77":0,"78":0,"79":0,"80":0,"81":0,"82":1,"83":0,"84":0,"85":0,"86":0,"87":0,"88":0,"89":1,"90":0,"91":0,"92":0,"93":0,"94":0,"95":0,"96":1,"97":0,"98":0,"99":0,"100":0,"101":0,"102":1,"103":0,"104":0,"105":0,"106":1,"107":0,"108":0,"109":0,"110":0,"111":0,"112":0,"113":0,"114":0,"115":1,"116":8,"117":4,"118":4,"119":1,"120":0,"121":0,"122":0,"123":0,"124":0,"125":0,"126":0,"127":0,"128":0,"129":0,"130":0,"131":0,"132":0,"133":0,"134":0,"135":0,"136":1,"137":1,"138":1,"139":1,"140":1,"141":0,"142":0,"143":0,"144":1,"145":1,"146":1,"147":45,"148":0,"149":45,"150":45,"151":1,"152":33,"153":0,"154":33,"155":33,"156":21,"157":12,"158":0,"159":12,"160":10,"161":2,"162":1,"163":1},"f":{"0":0,"1":0,"2":0,"3":0,"4":0,"5":0,"6":0,"7":0,"8":0,"9":8,"10":0,"11":0,"12":8,"13":0,"14":0,"15":0,"16":0,"17":0,"18":0,"19":0,"20":0,"21":0,"22":0,"23":8,"24":0,"25":0,"26":0,"27":1,"28":1,"29":45,"30":33},"b":{"0":[0,0],"1":[0,0],"2":[0,0],"3":[0,0],"4":[0,0],"5":[0,0],"6":[0,0],"7":[0,0],"8":[0,0],"9":[0,0],"10":[0,0],"11":[0,0],"12":[0,0],"13":[0,0],"14":[0,0],"15":[0,0,0],"16":[8,96],"17":[104,104,16],"18":[0,0],"19":[0,0],"20":[0,0,0,0,0],"21":[0,0],"22":[0,0,0],"23":[0,0],"24":[0,0],"25":[0,0],"26":[0,0,0],"27":[0,0],"28":[0,0],"29":[0,0],"30":[4,4],"31":[0,0],"32":[0,0],"33":[0,0],"34":[0,0,0,0],"35":[0,0],"36":[1],"37":[1,1],"38":[0,1],"39":[0,45],"40":[24,21],"41":[45,24],"42":[0,33],"43":[21,12],"44":[0,12],"45":[10,2]},"_coverageSchema":"1a1c01bbd47fc00a2c39e90264f33305004495a9","hash":"65c1233d659f973b8e7ec5f73a94d518907a3814"}
,"/Users/I538919/Documents/GitHub/cds-dpi/lib/drm-handlers/data-discovery.js": {"path":"/Users/I538919/Documents/GitHub/cds-dpi/lib/drm-handlers/data-discovery.js","statementMap":{"0":{"start":{"line":1,"column":27},"end":{"line":1,"column":63}},"1":{"start":{"line":3,"column":12},"end":{"line":3,"column":31}},"2":{"start":{"line":3,"column":39},"end":{"line":3,"column":62}},"3":{"start":{"line":9,"column":0},"end":{"line":38,"column":1}},"4":{"start":{"line":10,"column":25},"end":{"line":10,"column":37}},"5":{"start":{"line":12,"column":4},"end":{"line":15,"column":5}},"6":{"start":{"line":13,"column":6},"end":{"line":13,"column":50}},"7":{"start":{"line":14,"column":6},"end":{"line":14,"column":61}},"8":{"start":{"line":17,"column":25},"end":{"line":22,"column":5}},"9":{"start":{"line":18,"column":16},"end":{"line":18,"column":18}},"10":{"start":{"line":19,"column":6},"end":{"line":19,"column":66}},"11":{"start":{"line":19,"column":49},"end":{"line":19,"column":66}},"12":{"start":{"line":20,"column":6},"end":{"line":20,"column":66}},"13":{"start":{"line":21,"column":6},"end":{"line":21,"column":16}},"14":{"start":{"line":23,"column":4},"end":{"line":37,"column":6}},"15":{"start":{"line":24,"column":20},"end":{"line":24,"column":50}},"16":{"start":{"line":25,"column":6},"end":{"line":28,"column":7}},"17":{"start":{"line":26,"column":23},"end":{"line":26,"column":49}},"18":{"start":{"line":27,"column":8},"end":{"line":27,"column":46}},"19":{"start":{"line":29,"column":6},"end":{"line":34,"column":7}},"20":{"start":{"line":30,"column":24},"end":{"line":30,"column":41}},"21":{"start":{"line":31,"column":8},"end":{"line":33,"column":9}},"22":{"start":{"line":32,"column":10},"end":{"line":32,"column":46}},"23":{"start":{"line":35,"column":6},"end":{"line":35,"column":67}},"24":{"start":{"line":36,"column":6},"end":{"line":36,"column":34}}},"fnMap":{"0":{"name":"serveDataDiscovery","decl":{"start":{"line":9,"column":26},"end":{"line":9,"column":44}},"loc":{"start":{"line":9,"column":60},"end":{"line":38,"column":1}},"line":9},"1":{"name":"(anonymous_1)","decl":{"start":{"line":17,"column":25},"end":{"line":17,"column":26}},"loc":{"start":{"line":17,"column":34},"end":{"line":22,"column":5}},"line":17},"2":{"name":"(anonymous_2)","decl":{"start":{"line":23,"column":31},"end":{"line":23,"column":32}},"loc":{"start":{"line":23,"column":44},"end":{"line":37,"column":5}},"line":23}},"branchMap":{"0":{"loc":{"start":{"line":19,"column":6},"end":{"line":19,"column":66}},"type":"if","locations":[{"start":{"line":19,"column":6},"end":{"line":19,"column":66}},{"start":{},"end":{}}],"line":19},"1":{"loc":{"start":{"line":20,"column":13},"end":{"line":20,"column":66}},"type":"cond-expr","locations":[{"start":{"line":20,"column":24},"end":{"line":20,"column":44}},{"start":{"line":20,"column":47},"end":{"line":20,"column":66}}],"line":20},"2":{"loc":{"start":{"line":24,"column":20},"end":{"line":24,"column":50}},"type":"binary-expr","locations":[{"start":{"line":24,"column":20},"end":{"line":24,"column":37}},{"start":{"line":24,"column":41},"end":{"line":24,"column":50}}],"line":24},"3":{"loc":{"start":{"line":25,"column":6},"end":{"line":28,"column":7}},"type":"if","locations":[{"start":{"line":25,"column":6},"end":{"line":28,"column":7}},{"start":{},"end":{}}],"line":25},"4":{"loc":{"start":{"line":29,"column":6},"end":{"line":34,"column":7}},"type":"if","locations":[{"start":{"line":29,"column":6},"end":{"line":34,"column":7}},{"start":{},"end":{}}],"line":29}},"s":{"0":1,"1":1,"2":1,"3":1,"4":1,"5":1,"6":8,"7":8,"8":1,"9":0,"10":0,"11":0,"12":0,"13":0,"14":1,"15":0,"16":0,"17":0,"18":0,"19":0,"20":0,"21":0,"22":0,"23":0,"24":0},"f":{"0":1,"1":0,"2":0},"b":{"0":[0,0],"1":[0,0],"2":[0,0],"3":[0,0],"4":[0,0]},"_coverageSchema":"1a1c01bbd47fc00a2c39e90264f33305004495a9","hash":"113740d7ccfbba527f09d57b328c5f81b9a90fdf"}
,"/Users/I538919/Documents/GitHub/cds-dpi/lib/drm-handlers/archive-and-destruction/archive.js": {"path":"/Users/I538919/Documents/GitHub/cds-dpi/lib/drm-handlers/archive-and-destruction/archive.js","statementMap":{"0":{"start":{"line":1,"column":12},"end":{"line":1,"column":31}},"1":{"start":{"line":1,"column":41},"end":{"line":1,"column":57}},"2":{"start":{"line":1,"column":65},"end":{"line":1,"column":88}},"3":{"start":{"line":2,"column":186},"end":{"line":2,"column":208}},"4":{"start":{"line":3,"column":12},"end":{"line":3,"column":39}},"5":{"start":{"line":4,"column":0},"end":{"line":4,"column":17}},"6":{"start":{"line":7,"column":28},"end":{"line":7,"column":62}},"7":{"start":{"line":10,"column":4},"end":{"line":79,"column":6}},"8":{"start":{"line":14,"column":12},"end":{"line":14,"column":20}},"9":{"start":{"line":15,"column":8},"end":{"line":15,"column":44}},"10":{"start":{"line":16,"column":38},"end":{"line":16,"column":74}},"11":{"start":{"line":17,"column":8},"end":{"line":17,"column":79}},"12":{"start":{"line":19,"column":32},"end":{"line":19,"column":74}},"13":{"start":{"line":21,"column":22},"end":{"line":21,"column":24}},"14":{"start":{"line":22,"column":25},"end":{"line":22,"column":98}},"15":{"start":{"line":23,"column":8},"end":{"line":27,"column":9}},"16":{"start":{"line":29,"column":37},"end":{"line":29,"column":81}},"17":{"start":{"line":31,"column":8},"end":{"line":36,"column":9}},"18":{"start":{"line":32,"column":12},"end":{"line":35,"column":13}},"19":{"start":{"line":38,"column":29},"end":{"line":38,"column":63}},"20":{"start":{"line":39,"column":8},"end":{"line":44,"column":9}},"21":{"start":{"line":40,"column":12},"end":{"line":43,"column":13}},"22":{"start":{"line":45,"column":8},"end":{"line":52,"column":10}},"23":{"start":{"line":46,"column":27},"end":{"line":46,"column":63}},"24":{"start":{"line":47,"column":12},"end":{"line":51,"column":13}},"25":{"start":{"line":53,"column":8},"end":{"line":53,"column":119}},"26":{"start":{"line":55,"column":34},"end":{"line":55,"column":81}},"27":{"start":{"line":57,"column":8},"end":{"line":57,"column":112}},"28":{"start":{"line":59,"column":30},"end":{"line":59,"column":63}},"29":{"start":{"line":61,"column":23},"end":{"line":76,"column":9}},"30":{"start":{"line":64,"column":16},"end":{"line":73,"column":17}},"31":{"start":{"line":66,"column":24},"end":{"line":69,"column":26}},"32":{"start":{"line":70,"column":24},"end":{"line":70,"column":34}},"33":{"start":{"line":77,"column":8},"end":{"line":77,"column":45}},"34":{"start":{"line":78,"column":8},"end":{"line":78,"column":22}},"35":{"start":{"line":81,"column":4},"end":{"line":185,"column":6}},"36":{"start":{"line":84,"column":12},"end":{"line":84,"column":20}},"37":{"start":{"line":85,"column":8},"end":{"line":85,"column":37}},"38":{"start":{"line":86,"column":32},"end":{"line":86,"column":74}},"39":{"start":{"line":89,"column":20},"end":{"line":89,"column":22}},"40":{"start":{"line":90,"column":38},"end":{"line":107,"column":14}},"41":{"start":{"line":91,"column":12},"end":{"line":102,"column":14}},"42":{"start":{"line":92,"column":16},"end":{"line":92,"column":54}},"43":{"start":{"line":92,"column":38},"end":{"line":92,"column":54}},"44":{"start":{"line":93,"column":16},"end":{"line":101,"column":24}},"45":{"start":{"line":94,"column":20},"end":{"line":94,"column":57}},"46":{"start":{"line":94,"column":42},"end":{"line":94,"column":57}},"47":{"start":{"line":95,"column":20},"end":{"line":99,"column":21}},"48":{"start":{"line":100,"column":20},"end":{"line":100,"column":30}},"49":{"start":{"line":103,"column":12},"end":{"line":105,"column":13}},"50":{"start":{"line":106,"column":12},"end":{"line":106,"column":22}},"51":{"start":{"line":109,"column":8},"end":{"line":115,"column":9}},"52":{"start":{"line":117,"column":8},"end":{"line":117,"column":110}},"53":{"start":{"line":118,"column":34},"end":{"line":118,"column":127}},"54":{"start":{"line":119,"column":8},"end":{"line":119,"column":103}},"55":{"start":{"line":121,"column":22},"end":{"line":121,"column":23}},"56":{"start":{"line":121,"column":34},"end":{"line":121,"column":35}},"57":{"start":{"line":122,"column":33},"end":{"line":122,"column":35}},"58":{"start":{"line":123,"column":8},"end":{"line":156,"column":9}},"59":{"start":{"line":124,"column":30},"end":{"line":139,"column":14}},"60":{"start":{"line":125,"column":29},"end":{"line":125,"column":33}},"61":{"start":{"line":126,"column":16},"end":{"line":137,"column":17}},"62":{"start":{"line":127,"column":20},"end":{"line":132,"column":21}},"63":{"start":{"line":128,"column":24},"end":{"line":131,"column":26}},"64":{"start":{"line":133,"column":20},"end":{"line":136,"column":21}},"65":{"start":{"line":134,"column":24},"end":{"line":134,"column":38}},"66":{"start":{"line":135,"column":24},"end":{"line":135,"column":30}},"67":{"start":{"line":138,"column":16},"end":{"line":138,"column":29}},"68":{"start":{"line":140,"column":12},"end":{"line":142,"column":13}},"69":{"start":{"line":141,"column":16},"end":{"line":141,"column":33}},"70":{"start":{"line":143,"column":12},"end":{"line":146,"column":13}},"71":{"start":{"line":144,"column":16},"end":{"line":144,"column":24}},"72":{"start":{"line":145,"column":16},"end":{"line":145,"column":24}},"73":{"start":{"line":147,"column":12},"end":{"line":154,"column":14}},"74":{"start":{"line":155,"column":12},"end":{"line":155,"column":21}},"75":{"start":{"line":157,"column":8},"end":{"line":177,"column":9}},"76":{"start":{"line":158,"column":12},"end":{"line":158,"column":91}},"77":{"start":{"line":159,"column":12},"end":{"line":159,"column":70}},"78":{"start":{"line":161,"column":32},"end":{"line":161,"column":34}},"79":{"start":{"line":162,"column":12},"end":{"line":173,"column":13}},"80":{"start":{"line":163,"column":16},"end":{"line":163,"column":68}},"81":{"start":{"line":163,"column":44},"end":{"line":163,"column":68}},"82":{"start":{"line":164,"column":16},"end":{"line":172,"column":17}},"83":{"start":{"line":165,"column":20},"end":{"line":169,"column":22}},"84":{"start":{"line":171,"column":20},"end":{"line":171,"column":26}},"85":{"start":{"line":174,"column":12},"end":{"line":174,"column":66}},"86":{"start":{"line":176,"column":12},"end":{"line":176,"column":75}},"87":{"start":{"line":179,"column":8},"end":{"line":179,"column":108}},"88":{"start":{"line":181,"column":8},"end":{"line":184,"column":9}},"89":{"start":{"line":189,"column":0},"end":{"line":189,"column":37}}},"fnMap":{"0":{"name":"serveArchiveRequests","decl":{"start":{"line":6,"column":9},"end":{"line":6,"column":29}},"loc":{"start":{"line":6,"column":39},"end":{"line":186,"column":1}},"line":6},"1":{"name":"(anonymous_1)","decl":{"start":{"line":10,"column":29},"end":{"line":10,"column":30}},"loc":{"start":{"line":10,"column":42},"end":{"line":79,"column":5}},"line":10},"2":{"name":"(anonymous_2)","decl":{"start":{"line":45,"column":38},"end":{"line":45,"column":39}},"loc":{"start":{"line":45,"column":43},"end":{"line":52,"column":9}},"line":45},"3":{"name":"(anonymous_3)","decl":{"start":{"line":63,"column":54},"end":{"line":63,"column":55}},"loc":{"start":{"line":63,"column":70},"end":{"line":74,"column":13}},"line":63},"4":{"name":"(anonymous_4)","decl":{"start":{"line":65,"column":47},"end":{"line":65,"column":48}},"loc":{"start":{"line":65,"column":61},"end":{"line":71,"column":21}},"line":65},"5":{"name":"(anonymous_5)","decl":{"start":{"line":81,"column":22},"end":{"line":81,"column":23}},"loc":{"start":{"line":81,"column":35},"end":{"line":185,"column":5}},"line":81},"6":{"name":"(anonymous_6)","decl":{"start":{"line":90,"column":76},"end":{"line":90,"column":77}},"loc":{"start":{"line":90,"column":90},"end":{"line":107,"column":9}},"line":90},"7":{"name":"(anonymous_7)","decl":{"start":{"line":91,"column":43},"end":{"line":91,"column":44}},"loc":{"start":{"line":91,"column":55},"end":{"line":102,"column":13}},"line":91},"8":{"name":"(anonymous_8)","decl":{"start":{"line":93,"column":54},"end":{"line":93,"column":55}},"loc":{"start":{"line":93,"column":68},"end":{"line":101,"column":17}},"line":93},"9":{"name":"(anonymous_9)","decl":{"start":{"line":124,"column":53},"end":{"line":124,"column":54}},"loc":{"start":{"line":124,"column":66},"end":{"line":139,"column":13}},"line":124}},"branchMap":{"0":{"loc":{"start":{"line":12,"column":27},"end":{"line":12,"column":49}},"type":"default-arg","locations":[{"start":{"line":12,"column":47},"end":{"line":12,"column":49}}],"line":12},"1":{"loc":{"start":{"line":13,"column":31},"end":{"line":13,"column":48}},"type":"default-arg","locations":[{"start":{"line":13,"column":46},"end":{"line":13,"column":48}}],"line":13},"2":{"loc":{"start":{"line":16,"column":38},"end":{"line":16,"column":74}},"type":"binary-expr","locations":[{"start":{"line":16,"column":38},"end":{"line":16,"column":68}},{"start":{"line":16,"column":72},"end":{"line":16,"column":74}}],"line":16},"3":{"loc":{"start":{"line":22,"column":25},"end":{"line":22,"column":98}},"type":"binary-expr","locations":[{"start":{"line":22,"column":25},"end":{"line":22,"column":42}},{"start":{"line":22,"column":46},"end":{"line":22,"column":98}}],"line":22},"4":{"loc":{"start":{"line":31,"column":8},"end":{"line":36,"column":9}},"type":"if","locations":[{"start":{"line":31,"column":8},"end":{"line":36,"column":9}},{"start":{},"end":{}}],"line":31},"5":{"loc":{"start":{"line":39,"column":8},"end":{"line":44,"column":9}},"type":"if","locations":[{"start":{"line":39,"column":8},"end":{"line":44,"column":9}},{"start":{},"end":{}}],"line":39},"6":{"loc":{"start":{"line":92,"column":16},"end":{"line":92,"column":54}},"type":"if","locations":[{"start":{"line":92,"column":16},"end":{"line":92,"column":54}},{"start":{},"end":{}}],"line":92},"7":{"loc":{"start":{"line":94,"column":20},"end":{"line":94,"column":57}},"type":"if","locations":[{"start":{"line":94,"column":20},"end":{"line":94,"column":57}},{"start":{},"end":{}}],"line":94},"8":{"loc":{"start":{"line":127,"column":20},"end":{"line":132,"column":21}},"type":"if","locations":[{"start":{"line":127,"column":20},"end":{"line":132,"column":21}},{"start":{},"end":{}}],"line":127},"9":{"loc":{"start":{"line":133,"column":20},"end":{"line":136,"column":21}},"type":"if","locations":[{"start":{"line":133,"column":20},"end":{"line":136,"column":21}},{"start":{},"end":{}}],"line":133},"10":{"loc":{"start":{"line":140,"column":12},"end":{"line":142,"column":13}},"type":"if","locations":[{"start":{"line":140,"column":12},"end":{"line":142,"column":13}},{"start":{},"end":{}}],"line":140},"11":{"loc":{"start":{"line":143,"column":12},"end":{"line":146,"column":13}},"type":"if","locations":[{"start":{"line":143,"column":12},"end":{"line":146,"column":13}},{"start":{},"end":{}}],"line":143},"12":{"loc":{"start":{"line":157,"column":8},"end":{"line":177,"column":9}},"type":"if","locations":[{"start":{"line":157,"column":8},"end":{"line":177,"column":9}},{"start":{"line":175,"column":15},"end":{"line":177,"column":9}}],"line":157},"13":{"loc":{"start":{"line":163,"column":16},"end":{"line":163,"column":68}},"type":"if","locations":[{"start":{"line":163,"column":16},"end":{"line":163,"column":68}},{"start":{},"end":{}}],"line":163}},"s":{"0":1,"1":1,"2":1,"3":1,"4":1,"5":1,"6":1,"7":1,"8":0,"9":0,"10":0,"11":0,"12":0,"13":0,"14":0,"15":0,"16":0,"17":0,"18":0,"19":0,"20":0,"21":0,"22":0,"23":0,"24":0,"25":0,"26":0,"27":0,"28":0,"29":0,"30":0,"31":0,"32":0,"33":0,"34":0,"35":1,"36":0,"37":0,"38":0,"39":0,"40":0,"41":0,"42":0,"43":0,"44":0,"45":0,"46":0,"47":0,"48":0,"49":0,"50":0,"51":0,"52":0,"53":0,"54":0,"55":0,"56":0,"57":0,"58":0,"59":0,"60":0,"61":0,"62":0,"63":0,"64":0,"65":0,"66":0,"67":0,"68":0,"69":0,"70":0,"71":0,"72":0,"73":0,"74":0,"75":0,"76":0,"77":0,"78":0,"79":0,"80":0,"81":0,"82":0,"83":0,"84":0,"85":0,"86":0,"87":0,"88":0,"89":1},"f":{"0":1,"1":0,"2":0,"3":0,"4":0,"5":0,"6":0,"7":0,"8":0,"9":0},"b":{"0":[0],"1":[0],"2":[0,0],"3":[0,0],"4":[0,0],"5":[0,0],"6":[0,0],"7":[0,0],"8":[0,0],"9":[0,0],"10":[0,0],"11":[0,0],"12":[0,0],"13":[0,0]},"_coverageSchema":"1a1c01bbd47fc00a2c39e90264f33305004495a9","hash":"782b05f6219b0df462a2aa198aa05deb99531a48"}
,"/Users/I538919/Documents/GitHub/cds-dpi/lib/drm-handlers/archive-and-destruction/destruction.js": {"path":"/Users/I538919/Documents/GitHub/cds-dpi/lib/drm-handlers/archive-and-destruction/destruction.js","statementMap":{"0":{"start":{"line":1,"column":12},"end":{"line":1,"column":31}},"1":{"start":{"line":1,"column":41},"end":{"line":1,"column":57}},"2":{"start":{"line":1,"column":65},"end":{"line":1,"column":88}},"3":{"start":{"line":2,"column":35},"end":{"line":2,"column":57}},"4":{"start":{"line":3,"column":12},"end":{"line":3,"column":39}},"5":{"start":{"line":4,"column":0},"end":{"line":4,"column":17}},"6":{"start":{"line":7,"column":28},"end":{"line":7,"column":62}},"7":{"start":{"line":9,"column":4},"end":{"line":33,"column":6}},"8":{"start":{"line":13,"column":12},"end":{"line":13,"column":20}},"9":{"start":{"line":15,"column":8},"end":{"line":17,"column":61}},"10":{"start":{"line":19,"column":43},"end":{"line":19,"column":116}},"11":{"start":{"line":21,"column":8},"end":{"line":24,"column":9}},"12":{"start":{"line":22,"column":12},"end":{"line":22,"column":97}},"13":{"start":{"line":23,"column":12},"end":{"line":23,"column":90}},"14":{"start":{"line":25,"column":8},"end":{"line":25,"column":32}},"15":{"start":{"line":26,"column":8},"end":{"line":27,"column":42}},"16":{"start":{"line":28,"column":8},"end":{"line":32,"column":9}},"17":{"start":{"line":35,"column":4},"end":{"line":54,"column":6}},"18":{"start":{"line":39,"column":12},"end":{"line":39,"column":20}},"19":{"start":{"line":41,"column":8},"end":{"line":43,"column":61}},"20":{"start":{"line":45,"column":43},"end":{"line":45,"column":116}},"21":{"start":{"line":46,"column":8},"end":{"line":46,"column":32}},"22":{"start":{"line":47,"column":8},"end":{"line":48,"column":82}},"23":{"start":{"line":49,"column":8},"end":{"line":53,"column":9}},"24":{"start":{"line":57,"column":8},"end":{"line":57,"column":105}},"25":{"start":{"line":58,"column":32},"end":{"line":58,"column":74}},"26":{"start":{"line":59,"column":23},"end":{"line":59,"column":125}},"27":{"start":{"line":60,"column":8},"end":{"line":60,"column":77}},"28":{"start":{"line":61,"column":24},"end":{"line":61,"column":72}},"29":{"start":{"line":62,"column":8},"end":{"line":62,"column":69}},"30":{"start":{"line":63,"column":43},"end":{"line":63,"column":45}},"31":{"start":{"line":64,"column":8},"end":{"line":76,"column":9}},"32":{"start":{"line":65,"column":38},"end":{"line":65,"column":76}},"33":{"start":{"line":66,"column":38},"end":{"line":66,"column":42}},"34":{"start":{"line":67,"column":12},"end":{"line":73,"column":14}},"35":{"start":{"line":68,"column":16},"end":{"line":72,"column":47}},"36":{"start":{"line":72,"column":20},"end":{"line":72,"column":47}},"37":{"start":{"line":74,"column":12},"end":{"line":75,"column":165}},"38":{"start":{"line":74,"column":37},"end":{"line":74,"column":86}},"39":{"start":{"line":75,"column":17},"end":{"line":75,"column":165}},"40":{"start":{"line":77,"column":8},"end":{"line":77,"column":41}},"41":{"start":{"line":82,"column":0},"end":{"line":82,"column":41}}},"fnMap":{"0":{"name":"serveDestructionRequests","decl":{"start":{"line":6,"column":9},"end":{"line":6,"column":33}},"loc":{"start":{"line":6,"column":43},"end":{"line":79,"column":1}},"line":6},"1":{"name":"(anonymous_1)","decl":{"start":{"line":9,"column":26},"end":{"line":9,"column":27}},"loc":{"start":{"line":9,"column":39},"end":{"line":33,"column":5}},"line":9},"2":{"name":"(anonymous_2)","decl":{"start":{"line":35,"column":34},"end":{"line":35,"column":35}},"loc":{"start":{"line":35,"column":47},"end":{"line":54,"column":5}},"line":35},"3":{"name":"getILMObjectIDsToBeDeleted","decl":{"start":{"line":56,"column":19},"end":{"line":56,"column":45}},"loc":{"start":{"line":56,"column":87},"end":{"line":78,"column":5}},"line":56},"4":{"name":"(anonymous_4)","decl":{"start":{"line":67,"column":38},"end":{"line":67,"column":39}},"loc":{"start":{"line":67,"column":50},"end":{"line":73,"column":13}},"line":67}},"branchMap":{"0":{"loc":{"start":{"line":12,"column":34},"end":{"line":12,"column":56}},"type":"default-arg","locations":[{"start":{"line":12,"column":54},"end":{"line":12,"column":56}}],"line":12},"1":{"loc":{"start":{"line":21,"column":8},"end":{"line":24,"column":9}},"type":"if","locations":[{"start":{"line":21,"column":8},"end":{"line":24,"column":9}},{"start":{},"end":{}}],"line":21},"2":{"loc":{"start":{"line":38,"column":34},"end":{"line":38,"column":56}},"type":"default-arg","locations":[{"start":{"line":38,"column":54},"end":{"line":38,"column":56}}],"line":38},"3":{"loc":{"start":{"line":68,"column":16},"end":{"line":72,"column":47}},"type":"if","locations":[{"start":{"line":68,"column":16},"end":{"line":72,"column":47}},{"start":{},"end":{}}],"line":68},"4":{"loc":{"start":{"line":69,"column":20},"end":{"line":70,"column":168}},"type":"binary-expr","locations":[{"start":{"line":69,"column":20},"end":{"line":69,"column":100}},{"start":{"line":70,"column":20},"end":{"line":70,"column":168}}],"line":69},"5":{"loc":{"start":{"line":69,"column":22},"end":{"line":69,"column":99}},"type":"binary-expr","locations":[{"start":{"line":69,"column":22},"end":{"line":69,"column":45}},{"start":{"line":69,"column":49},"end":{"line":69,"column":99}}],"line":69},"6":{"loc":{"start":{"line":70,"column":22},"end":{"line":70,"column":167}},"type":"binary-expr","locations":[{"start":{"line":70,"column":22},"end":{"line":70,"column":41}},{"start":{"line":70,"column":45},"end":{"line":70,"column":105}},{"start":{"line":70,"column":109},"end":{"line":70,"column":167}}],"line":70},"7":{"loc":{"start":{"line":74,"column":12},"end":{"line":75,"column":165}},"type":"if","locations":[{"start":{"line":74,"column":12},"end":{"line":75,"column":165}},{"start":{"line":75,"column":17},"end":{"line":75,"column":165}}],"line":74}},"s":{"0":1,"1":1,"2":1,"3":1,"4":1,"5":1,"6":1,"7":1,"8":0,"9":0,"10":0,"11":0,"12":0,"13":0,"14":0,"15":0,"16":0,"17":1,"18":0,"19":0,"20":0,"21":0,"22":0,"23":0,"24":0,"25":0,"26":0,"27":0,"28":0,"29":0,"30":0,"31":0,"32":0,"33":0,"34":0,"35":0,"36":0,"37":0,"38":0,"39":0,"40":0,"41":1},"f":{"0":1,"1":0,"2":0,"3":0,"4":0},"b":{"0":[0],"1":[0,0],"2":[0],"3":[0,0],"4":[0,0],"5":[0,0],"6":[0,0,0],"7":[0,0]},"_coverageSchema":"1a1c01bbd47fc00a2c39e90264f33305004495a9","hash":"2ad3511842f396905d4777b7b8d15eaf66a16559"}
,"/Users/I538919/Documents/GitHub/cds-dpi/lib/drm-handlers/data-subject-deletion/data-subject-deletion.js": {"path":"/Users/I538919/Documents/GitHub/cds-dpi/lib/drm-handlers/data-subject-deletion/data-subject-deletion.js","statementMap":{"0":{"start":{"line":1,"column":12},"end":{"line":1,"column":31}},"1":{"start":{"line":1,"column":41},"end":{"line":1,"column":57}},"2":{"start":{"line":1,"column":65},"end":{"line":1,"column":88}},"3":{"start":{"line":2,"column":12},"end":{"line":2,"column":39}},"4":{"start":{"line":3,"column":0},"end":{"line":3,"column":17}},"5":{"start":{"line":15,"column":4},"end":{"line":15,"column":26}},"6":{"start":{"line":16,"column":27},"end":{"line":16,"column":66}},"7":{"start":{"line":20,"column":30},"end":{"line":20,"column":65}},"8":{"start":{"line":22,"column":4},"end":{"line":54,"column":6}},"9":{"start":{"line":23,"column":130},"end":{"line":23,"column":138}},"10":{"start":{"line":24,"column":8},"end":{"line":24,"column":159}},"11":{"start":{"line":25,"column":35},"end":{"line":25,"column":73}},"12":{"start":{"line":26,"column":22},"end":{"line":26,"column":96}},"13":{"start":{"line":27,"column":25},"end":{"line":27,"column":80}},"14":{"start":{"line":28,"column":8},"end":{"line":28,"column":40}},"15":{"start":{"line":29,"column":23},"end":{"line":29,"column":122}},"16":{"start":{"line":30,"column":8},"end":{"line":33,"column":9}},"17":{"start":{"line":31,"column":12},"end":{"line":31,"column":36}},"18":{"start":{"line":32,"column":12},"end":{"line":32,"column":18}},"19":{"start":{"line":34,"column":8},"end":{"line":34,"column":45}},"20":{"start":{"line":35,"column":24},"end":{"line":35,"column":67}},"21":{"start":{"line":36,"column":36},"end":{"line":46,"column":9}},"22":{"start":{"line":37,"column":12},"end":{"line":42,"column":13}},"23":{"start":{"line":43,"column":28},"end":{"line":43,"column":96}},"24":{"start":{"line":45,"column":12},"end":{"line":45,"column":165}},"25":{"start":{"line":47,"column":25},"end":{"line":50,"column":9}},"26":{"start":{"line":51,"column":8},"end":{"line":51,"column":72}},"27":{"start":{"line":52,"column":8},"end":{"line":52,"column":23}},"28":{"start":{"line":56,"column":4},"end":{"line":66,"column":6}},"29":{"start":{"line":57,"column":157},"end":{"line":57,"column":165}},"30":{"start":{"line":58,"column":8},"end":{"line":58,"column":255}},"31":{"start":{"line":59,"column":35},"end":{"line":59,"column":73}},"32":{"start":{"line":60,"column":22},"end":{"line":60,"column":96}},"33":{"start":{"line":61,"column":33},"end":{"line":61,"column":113}},"34":{"start":{"line":62,"column":8},"end":{"line":62,"column":40}},"35":{"start":{"line":63,"column":23},"end":{"line":63,"column":143}},"36":{"start":{"line":64,"column":8},"end":{"line":64,"column":35}},"37":{"start":{"line":65,"column":8},"end":{"line":65,"column":21}},"38":{"start":{"line":68,"column":4},"end":{"line":122,"column":6}},"39":{"start":{"line":69,"column":229},"end":{"line":69,"column":237}},"40":{"start":{"line":70,"column":8},"end":{"line":74,"column":59}},"41":{"start":{"line":76,"column":35},"end":{"line":76,"column":73}},"42":{"start":{"line":77,"column":25},"end":{"line":77,"column":93}},"43":{"start":{"line":78,"column":33},"end":{"line":78,"column":113}},"44":{"start":{"line":80,"column":24},"end":{"line":80,"column":26}},"45":{"start":{"line":82,"column":8},"end":{"line":103,"column":9}},"46":{"start":{"line":83,"column":26},"end":{"line":83,"column":100}},"47":{"start":{"line":84,"column":12},"end":{"line":93,"column":13}},"48":{"start":{"line":94,"column":12},"end":{"line":99,"column":13}},"49":{"start":{"line":95,"column":16},"end":{"line":98,"column":17}},"50":{"start":{"line":100,"column":12},"end":{"line":102,"column":13}},"51":{"start":{"line":106,"column":24},"end":{"line":106,"column":50}},"52":{"start":{"line":108,"column":8},"end":{"line":111,"column":9}},"53":{"start":{"line":108,"column":31},"end":{"line":108,"column":63}},"54":{"start":{"line":109,"column":12},"end":{"line":109,"column":36}},"55":{"start":{"line":110,"column":12},"end":{"line":110,"column":18}},"56":{"start":{"line":113,"column":23},"end":{"line":119,"column":10}},"57":{"start":{"line":114,"column":12},"end":{"line":118,"column":13}},"58":{"start":{"line":120,"column":8},"end":{"line":120,"column":54}},"59":{"start":{"line":121,"column":8},"end":{"line":121,"column":21}},"60":{"start":{"line":124,"column":4},"end":{"line":161,"column":6}},"61":{"start":{"line":126,"column":30},"end":{"line":126,"column":38}},"62":{"start":{"line":127,"column":8},"end":{"line":130,"column":56}},"63":{"start":{"line":131,"column":35},"end":{"line":131,"column":77}},"64":{"start":{"line":132,"column":22},"end":{"line":132,"column":96}},"65":{"start":{"line":134,"column":8},"end":{"line":134,"column":41}},"66":{"start":{"line":135,"column":28},"end":{"line":135,"column":144}},"67":{"start":{"line":137,"column":8},"end":{"line":140,"column":9}},"68":{"start":{"line":138,"column":12},"end":{"line":138,"column":36}},"69":{"start":{"line":139,"column":12},"end":{"line":139,"column":18}},"70":{"start":{"line":142,"column":31},"end":{"line":142,"column":33}},"71":{"start":{"line":143,"column":8},"end":{"line":152,"column":10}},"72":{"start":{"line":144,"column":12},"end":{"line":151,"column":14}},"73":{"start":{"line":153,"column":8},"end":{"line":156,"column":9}},"74":{"start":{"line":154,"column":12},"end":{"line":154,"column":56}},"75":{"start":{"line":155,"column":12},"end":{"line":155,"column":68}},"76":{"start":{"line":157,"column":8},"end":{"line":157,"column":81}},"77":{"start":{"line":158,"column":8},"end":{"line":158,"column":58}},"78":{"start":{"line":159,"column":8},"end":{"line":159,"column":27}},"79":{"start":{"line":160,"column":8},"end":{"line":160,"column":36}},"80":{"start":{"line":163,"column":4},"end":{"line":181,"column":6}},"81":{"start":{"line":164,"column":100},"end":{"line":164,"column":108}},"82":{"start":{"line":165,"column":8},"end":{"line":165,"column":163}},"83":{"start":{"line":166,"column":35},"end":{"line":166,"column":73}},"84":{"start":{"line":167,"column":8},"end":{"line":172,"column":9}},"85":{"start":{"line":168,"column":12},"end":{"line":171,"column":14}},"86":{"start":{"line":173,"column":31},"end":{"line":177,"column":9}},"87":{"start":{"line":178,"column":8},"end":{"line":178,"column":84}},"88":{"start":{"line":179,"column":8},"end":{"line":179,"column":62}},"89":{"start":{"line":180,"column":8},"end":{"line":180,"column":32}},"90":{"start":{"line":183,"column":4},"end":{"line":224,"column":6}},"91":{"start":{"line":184,"column":121},"end":{"line":184,"column":129}},"92":{"start":{"line":185,"column":8},"end":{"line":185,"column":179}},"93":{"start":{"line":186,"column":27},"end":{"line":186,"column":72}},"94":{"start":{"line":187,"column":22},"end":{"line":187,"column":53}},"95":{"start":{"line":188,"column":8},"end":{"line":191,"column":9}},"96":{"start":{"line":189,"column":24},"end":{"line":189,"column":45}},"97":{"start":{"line":190,"column":12},"end":{"line":190,"column":47}},"98":{"start":{"line":192,"column":8},"end":{"line":193,"column":57}},"99":{"start":{"line":193,"column":12},"end":{"line":193,"column":57}},"100":{"start":{"line":195,"column":8},"end":{"line":202,"column":9}},"101":{"start":{"line":196,"column":12},"end":{"line":196,"column":132}},"102":{"start":{"line":197,"column":34},"end":{"line":197,"column":137}},"103":{"start":{"line":198,"column":12},"end":{"line":201,"column":13}},"104":{"start":{"line":199,"column":16},"end":{"line":199,"column":150}},"105":{"start":{"line":200,"column":16},"end":{"line":200,"column":99}},"106":{"start":{"line":205,"column":28},"end":{"line":205,"column":134}},"107":{"start":{"line":206,"column":8},"end":{"line":223,"column":9}},"108":{"start":{"line":207,"column":27},"end":{"line":207,"column":198}},"109":{"start":{"line":208,"column":12},"end":{"line":208,"column":162}},"110":{"start":{"line":209,"column":12},"end":{"line":209,"column":33}},"111":{"start":{"line":209,"column":25},"end":{"line":209,"column":33}},"112":{"start":{"line":212,"column":12},"end":{"line":220,"column":19}},"113":{"start":{"line":213,"column":16},"end":{"line":220,"column":19}},"114":{"start":{"line":221,"column":12},"end":{"line":221,"column":107}},"115":{"start":{"line":222,"column":12},"end":{"line":222,"column":60}},"116":{"start":{"line":226,"column":4},"end":{"line":275,"column":6}},"117":{"start":{"line":227,"column":74},"end":{"line":227,"column":82}},"118":{"start":{"line":228,"column":8},"end":{"line":228,"column":153}},"119":{"start":{"line":231,"column":31},"end":{"line":234,"column":88}},"120":{"start":{"line":235,"column":8},"end":{"line":235,"column":47}},"121":{"start":{"line":235,"column":41},"end":{"line":235,"column":47}},"122":{"start":{"line":236,"column":40},"end":{"line":236,"column":42}},"123":{"start":{"line":237,"column":8},"end":{"line":268,"column":9}},"124":{"start":{"line":238,"column":35},"end":{"line":238,"column":40}},"125":{"start":{"line":239,"column":12},"end":{"line":265,"column":13}},"126":{"start":{"line":240,"column":31},"end":{"line":240,"column":55}},"127":{"start":{"line":241,"column":16},"end":{"line":264,"column":17}},"128":{"start":{"line":242,"column":47},"end":{"line":242,"column":86}},"129":{"start":{"line":243,"column":20},"end":{"line":243,"column":52}},"130":{"start":{"line":243,"column":44},"end":{"line":243,"column":52}},"131":{"start":{"line":244,"column":34},"end":{"line":244,"column":36}},"132":{"start":{"line":245,"column":20},"end":{"line":245,"column":87}},"133":{"start":{"line":247,"column":20},"end":{"line":257,"column":21}},"134":{"start":{"line":248,"column":24},"end":{"line":253,"column":25}},"135":{"start":{"line":254,"column":27},"end":{"line":257,"column":21}},"136":{"start":{"line":255,"column":24},"end":{"line":255,"column":227}},"137":{"start":{"line":256,"column":24},"end":{"line":256,"column":33}},"138":{"start":{"line":258,"column":42},"end":{"line":258,"column":82}},"139":{"start":{"line":259,"column":20},"end":{"line":259,"column":117}},"140":{"start":{"line":260,"column":20},"end":{"line":263,"column":21}},"141":{"start":{"line":261,"column":24},"end":{"line":261,"column":47}},"142":{"start":{"line":262,"column":24},"end":{"line":262,"column":30}},"143":{"start":{"line":266,"column":12},"end":{"line":267,"column":59}},"144":{"start":{"line":267,"column":16},"end":{"line":267,"column":59}},"145":{"start":{"line":269,"column":8},"end":{"line":272,"column":9}},"146":{"start":{"line":270,"column":12},"end":{"line":270,"column":82}},"147":{"start":{"line":271,"column":12},"end":{"line":271,"column":98}},"148":{"start":{"line":273,"column":8},"end":{"line":273,"column":32}},"149":{"start":{"line":274,"column":8},"end":{"line":274,"column":78}},"150":{"start":{"line":280,"column":0},"end":{"line":280,"column":41}}},"fnMap":{"0":{"name":"serveDataSubjectDeletion","decl":{"start":{"line":18,"column":9},"end":{"line":18,"column":33}},"loc":{"start":{"line":18,"column":39},"end":{"line":277,"column":1}},"line":18},"1":{"name":"(anonymous_1)","decl":{"start":{"line":22,"column":39},"end":{"line":22,"column":40}},"loc":{"start":{"line":22,"column":52},"end":{"line":54,"column":5}},"line":22},"2":{"name":"(anonymous_2)","decl":{"start":{"line":36,"column":36},"end":{"line":36,"column":37}},"loc":{"start":{"line":36,"column":65},"end":{"line":46,"column":9}},"line":36},"3":{"name":"(anonymous_3)","decl":{"start":{"line":56,"column":53},"end":{"line":56,"column":54}},"loc":{"start":{"line":56,"column":66},"end":{"line":66,"column":5}},"line":56},"4":{"name":"(anonymous_4)","decl":{"start":{"line":68,"column":51},"end":{"line":68,"column":52}},"loc":{"start":{"line":68,"column":64},"end":{"line":122,"column":5}},"line":68},"5":{"name":"(anonymous_5)","decl":{"start":{"line":108,"column":26},"end":{"line":108,"column":27}},"loc":{"start":{"line":108,"column":31},"end":{"line":108,"column":63}},"line":108},"6":{"name":"(anonymous_6)","decl":{"start":{"line":113,"column":35},"end":{"line":113,"column":36}},"loc":{"start":{"line":113,"column":54},"end":{"line":119,"column":9}},"line":113},"7":{"name":"(anonymous_7)","decl":{"start":{"line":124,"column":51},"end":{"line":124,"column":52}},"loc":{"start":{"line":124,"column":64},"end":{"line":161,"column":5}},"line":124},"8":{"name":"(anonymous_8)","decl":{"start":{"line":143,"column":28},"end":{"line":143,"column":29}},"loc":{"start":{"line":143,"column":41},"end":{"line":152,"column":9}},"line":143},"9":{"name":"(anonymous_9)","decl":{"start":{"line":163,"column":57},"end":{"line":163,"column":58}},"loc":{"start":{"line":163,"column":70},"end":{"line":181,"column":5}},"line":163},"10":{"name":"(anonymous_10)","decl":{"start":{"line":183,"column":34},"end":{"line":183,"column":35}},"loc":{"start":{"line":183,"column":47},"end":{"line":224,"column":5}},"line":183},"11":{"name":"(anonymous_11)","decl":{"start":{"line":226,"column":37},"end":{"line":226,"column":38}},"loc":{"start":{"line":226,"column":50},"end":{"line":275,"column":5}},"line":226}},"branchMap":{"0":{"loc":{"start":{"line":30,"column":8},"end":{"line":33,"column":9}},"type":"if","locations":[{"start":{"line":30,"column":8},"end":{"line":33,"column":9}},{"start":{},"end":{}}],"line":30},"1":{"loc":{"start":{"line":30,"column":12},"end":{"line":30,"column":56}},"type":"binary-expr","locations":[{"start":{"line":30,"column":12},"end":{"line":30,"column":19}},{"start":{"line":30,"column":24},"end":{"line":30,"column":30}},{"start":{"line":30,"column":34},"end":{"line":30,"column":55}}],"line":30},"2":{"loc":{"start":{"line":49,"column":41},"end":{"line":49,"column":104}},"type":"cond-expr","locations":[{"start":{"line":49,"column":52},"end":{"line":49,"column":99}},{"start":{"line":49,"column":102},"end":{"line":49,"column":104}}],"line":49},"3":{"loc":{"start":{"line":61,"column":33},"end":{"line":61,"column":113}},"type":"binary-expr","locations":[{"start":{"line":61,"column":33},"end":{"line":61,"column":58}},{"start":{"line":61,"column":62},"end":{"line":61,"column":113}}],"line":61},"4":{"loc":{"start":{"line":77,"column":25},"end":{"line":77,"column":93}},"type":"binary-expr","locations":[{"start":{"line":77,"column":25},"end":{"line":77,"column":34}},{"start":{"line":77,"column":38},"end":{"line":77,"column":93}}],"line":77},"5":{"loc":{"start":{"line":78,"column":33},"end":{"line":78,"column":113}},"type":"binary-expr","locations":[{"start":{"line":78,"column":33},"end":{"line":78,"column":58}},{"start":{"line":78,"column":62},"end":{"line":78,"column":113}}],"line":78},"6":{"loc":{"start":{"line":94,"column":12},"end":{"line":99,"column":13}},"type":"if","locations":[{"start":{"line":94,"column":12},"end":{"line":99,"column":13}},{"start":{},"end":{}}],"line":94},"7":{"loc":{"start":{"line":108,"column":8},"end":{"line":111,"column":9}},"type":"if","locations":[{"start":{"line":108,"column":8},"end":{"line":111,"column":9}},{"start":{},"end":{}}],"line":108},"8":{"loc":{"start":{"line":137,"column":8},"end":{"line":140,"column":9}},"type":"if","locations":[{"start":{"line":137,"column":8},"end":{"line":140,"column":9}},{"start":{},"end":{}}],"line":137},"9":{"loc":{"start":{"line":149,"column":33},"end":{"line":149,"column":80}},"type":"binary-expr","locations":[{"start":{"line":149,"column":33},"end":{"line":149,"column":61}},{"start":{"line":149,"column":65},"end":{"line":149,"column":80}}],"line":149},"10":{"loc":{"start":{"line":153,"column":8},"end":{"line":156,"column":9}},"type":"if","locations":[{"start":{"line":153,"column":8},"end":{"line":156,"column":9}},{"start":{},"end":{}}],"line":153},"11":{"loc":{"start":{"line":167,"column":8},"end":{"line":172,"column":9}},"type":"if","locations":[{"start":{"line":167,"column":8},"end":{"line":172,"column":9}},{"start":{},"end":{}}],"line":167},"12":{"loc":{"start":{"line":187,"column":22},"end":{"line":187,"column":53}},"type":"binary-expr","locations":[{"start":{"line":187,"column":22},"end":{"line":187,"column":40}},{"start":{"line":187,"column":44},"end":{"line":187,"column":53}}],"line":187},"13":{"loc":{"start":{"line":188,"column":8},"end":{"line":191,"column":9}},"type":"if","locations":[{"start":{"line":188,"column":8},"end":{"line":191,"column":9}},{"start":{},"end":{}}],"line":188},"14":{"loc":{"start":{"line":192,"column":8},"end":{"line":193,"column":57}},"type":"if","locations":[{"start":{"line":192,"column":8},"end":{"line":193,"column":57}},{"start":{},"end":{}}],"line":192},"15":{"loc":{"start":{"line":192,"column":12},"end":{"line":192,"column":57}},"type":"binary-expr","locations":[{"start":{"line":192,"column":12},"end":{"line":192,"column":35}},{"start":{"line":192,"column":39},"end":{"line":192,"column":57}}],"line":192},"16":{"loc":{"start":{"line":198,"column":12},"end":{"line":201,"column":13}},"type":"if","locations":[{"start":{"line":198,"column":12},"end":{"line":201,"column":13}},{"start":{},"end":{}}],"line":198},"17":{"loc":{"start":{"line":209,"column":12},"end":{"line":209,"column":33}},"type":"if","locations":[{"start":{"line":209,"column":12},"end":{"line":209,"column":33}},{"start":{},"end":{}}],"line":209},"18":{"loc":{"start":{"line":212,"column":12},"end":{"line":220,"column":19}},"type":"if","locations":[{"start":{"line":212,"column":12},"end":{"line":220,"column":19}},{"start":{},"end":{}}],"line":212},"19":{"loc":{"start":{"line":212,"column":16},"end":{"line":212,"column":64}},"type":"binary-expr","locations":[{"start":{"line":212,"column":16},"end":{"line":212,"column":49}},{"start":{"line":212,"column":53},"end":{"line":212,"column":64}}],"line":212},"20":{"loc":{"start":{"line":218,"column":37},"end":{"line":218,"column":81}},"type":"binary-expr","locations":[{"start":{"line":218,"column":37},"end":{"line":218,"column":62}},{"start":{"line":218,"column":66},"end":{"line":218,"column":81}}],"line":218},"21":{"loc":{"start":{"line":235,"column":8},"end":{"line":235,"column":47}},"type":"if","locations":[{"start":{"line":235,"column":8},"end":{"line":235,"column":47}},{"start":{},"end":{}}],"line":235},"22":{"loc":{"start":{"line":241,"column":16},"end":{"line":264,"column":17}},"type":"if","locations":[{"start":{"line":241,"column":16},"end":{"line":264,"column":17}},{"start":{},"end":{}}],"line":241},"23":{"loc":{"start":{"line":241,"column":20},"end":{"line":241,"column":81}},"type":"binary-expr","locations":[{"start":{"line":241,"column":20},"end":{"line":241,"column":26}},{"start":{"line":241,"column":30},"end":{"line":241,"column":81}}],"line":241},"24":{"loc":{"start":{"line":243,"column":20},"end":{"line":243,"column":52}},"type":"if","locations":[{"start":{"line":243,"column":20},"end":{"line":243,"column":52}},{"start":{},"end":{}}],"line":243},"25":{"loc":{"start":{"line":247,"column":20},"end":{"line":257,"column":21}},"type":"if","locations":[{"start":{"line":247,"column":20},"end":{"line":257,"column":21}},{"start":{"line":254,"column":27},"end":{"line":257,"column":21}}],"line":247},"26":{"loc":{"start":{"line":254,"column":27},"end":{"line":257,"column":21}},"type":"if","locations":[{"start":{"line":254,"column":27},"end":{"line":257,"column":21}},{"start":{},"end":{}}],"line":254},"27":{"loc":{"start":{"line":260,"column":20},"end":{"line":263,"column":21}},"type":"if","locations":[{"start":{"line":260,"column":20},"end":{"line":263,"column":21}},{"start":{},"end":{}}],"line":260},"28":{"loc":{"start":{"line":266,"column":12},"end":{"line":267,"column":59}},"type":"if","locations":[{"start":{"line":266,"column":12},"end":{"line":267,"column":59}},{"start":{},"end":{}}],"line":266},"29":{"loc":{"start":{"line":269,"column":8},"end":{"line":272,"column":9}},"type":"if","locations":[{"start":{"line":269,"column":8},"end":{"line":272,"column":9}},{"start":{},"end":{}}],"line":269}},"s":{"0":1,"1":1,"2":1,"3":1,"4":1,"5":1,"6":1,"7":1,"8":1,"9":0,"10":0,"11":0,"12":0,"13":0,"14":0,"15":0,"16":0,"17":0,"18":0,"19":0,"20":0,"21":0,"22":0,"23":0,"24":0,"25":0,"26":0,"27":0,"28":1,"29":0,"30":0,"31":0,"32":0,"33":0,"34":0,"35":0,"36":0,"37
[...]
olumn":54},"end":{"line":53,"column":97}},{"start":{"line":53,"column":100},"end":{"line":53,"column":102}}],"line":53},"19":{"loc":{"start":{"line":60,"column":23},"end":{"line":60,"column":112}},"type":"cond-expr","locations":[{"start":{"line":60,"column":64},"end":{"line":60,"column":99}},{"start":{"line":60,"column":102},"end":{"line":60,"column":112}}],"line":60},"20":{"loc":{"start":{"line":66,"column":8},"end":{"line":67,"column":132}},"type":"if","locations":[{"start":{"line":66,"column":8},"end":{"line":67,"column":132}},{"start":{},"end":{}}],"line":66},"21":{"loc":{"start":{"line":68,"column":8},"end":{"line":69,"column":151}},"type":"if","locations":[{"start":{"line":68,"column":8},"end":{"line":69,"column":151}},{"start":{},"end":{}}],"line":68},"22":{"loc":{"start":{"line":70,"column":8},"end":{"line":70,"column":70}},"type":"if","locations":[{"start":{"line":70,"column":8},"end":{"line":70,"column":70}},{"start":{},"end":{}}],"line":70},"23":{"loc":{"start":{"line":71,"column":33},"end":{"line":71,"column":95}},"type":"cond-expr","locations":[{"start":{"line":71,"column":85},"end":{"line":71,"column":90}},{"start":{"line":71,"column":93},"end":{"line":71,"column":95}}],"line":71},"24":{"loc":{"start":{"line":71,"column":33},"end":{"line":71,"column":82}},"type":"binary-expr","locations":[{"start":{"line":71,"column":33},"end":{"line":71,"column":50}},{"start":{"line":71,"column":54},"end":{"line":71,"column":82}}],"line":71},"25":{"loc":{"start":{"line":72,"column":8},"end":{"line":79,"column":9}},"type":"if","locations":[{"start":{"line":72,"column":8},"end":{"line":79,"column":9}},{"start":{},"end":{}}],"line":72},"26":{"loc":{"start":{"line":87,"column":81},"end":{"line":87,"column":278}},"type":"binary-expr","locations":[{"start":{"line":87,"column":81},"end":{"line":87,"column":86}},{"start":{"line":87,"column":90},"end":{"line":87,"column":130}},{"start":{"line":87,"column":134},"end":{"line":87,"column":177}},{"start":{"line":87,"column":182},"end":{"line":87,"column":212}},{"start":{"line":87,"column":216},"end":{"line":87,"column":277}}],"line":87},"27":{"loc":{"start":{"line":87,"column":153},"end":{"line":87,"column":176}},"type":"binary-expr","locations":[{"start":{"line":87,"column":153},"end":{"line":87,"column":158}},{"start":{"line":87,"column":162},"end":{"line":87,"column":176}}],"line":87},"28":{"loc":{"start":{"line":87,"column":316},"end":{"line":87,"column":368}},"type":"if","locations":[{"start":{"line":87,"column":316},"end":{"line":87,"column":368}},{"start":{},"end":{}}],"line":87},"29":{"loc":{"start":{"line":91,"column":10},"end":{"line":109,"column":11}},"type":"if","locations":[{"start":{"line":91,"column":10},"end":{"line":109,"column":11}},{"start":{"line":95,"column":15},"end":{"line":109,"column":11}}],"line":91},"30":{"loc":{"start":{"line":95,"column":15},"end":{"line":109,"column":11}},"type":"if","locations":[{"start":{"line":95,"column":15},"end":{"line":109,"column":11}},{"start":{},"end":{}}],"line":95},"31":{"loc":{"start":{"line":96,"column":12},"end":{"line":105,"column":13}},"type":"binary-expr","locations":[{"start":{"line":96,"column":12},"end":{"line":96,"column":49}},{"start":{"line":97,"column":12},"end":{"line":97,"column":27}},{"start":{"line":98,"column":12},"end":{"line":105,"column":13}}],"line":96},"32":{"loc":{"start":{"line":99,"column":14},"end":{"line":104,"column":15}},"type":"binary-expr","locations":[{"start":{"line":99,"column":14},"end":{"line":99,"column":46}},{"start":{"line":101,"column":16},"end":{"line":101,"column":34}},{"start":{"line":102,"column":16},"end":{"line":102,"column":45}},{"start":{"line":103,"column":16},"end":{"line":103,"column":90}}],"line":99},"33":{"loc":{"start":{"line":108,"column":33},"end":{"line":108,"column":162}},"type":"cond-expr","locations":[{"start":{"line":108,"column":87},"end":{"line":108,"column":123}},{"start":{"line":108,"column":126},"end":{"line":108,"column":162}}],"line":108},"34":{"loc":{"start":{"line":108,"column":33},"end":{"line":108,"column":84}},"type":"binary-expr","locations":[{"start":{"line":108,"column":33},"end":{"line":108,"column":51}},{"start":{"line":108,"column":55},"end":{"line":108,"column":84}}],"line":108},"35":{"loc":{"start":{"line":112,"column":8},"end":{"line":117,"column":9}},"type":"if","locations":[{"start":{"line":112,"column":8},"end":{"line":117,"column":9}},{"start":{},"end":{}}],"line":112},"36":{"loc":{"start":{"line":112,"column":12},"end":{"line":112,"column":100}},"type":"binary-expr","locations":[{"start":{"line":112,"column":12},"end":{"line":112,"column":29}},{"start":{"line":112,"column":33},"end":{"line":112,"column":62}},{"start":{"line":112,"column":66},"end":{"line":112,"column":100}}],"line":112},"37":{"loc":{"start":{"line":115,"column":16},"end":{"line":115,"column":82}},"type":"if","locations":[{"start":{"line":115,"column":16},"end":{"line":115,"column":82}},{"start":{},"end":{}}],"line":115},"38":{"loc":{"start":{"line":120,"column":12},"end":{"line":120,"column":78}},"type":"if","locations":[{"start":{"line":120,"column":12},"end":{"line":120,"column":78}},{"start":{},"end":{}}],"line":120},"39":{"loc":{"start":{"line":125,"column":30},"end":{"line":125,"column":121}},"type":"cond-expr","locations":[{"start":{"line":125,"column":64},"end":{"line":125,"column":116}},{"start":{"line":125,"column":119},"end":{"line":125,"column":121}}],"line":125},"40":{"loc":{"start":{"line":127,"column":6},"end":{"line":127,"column":129}},"type":"if","locations":[{"start":{"line":127,"column":6},"end":{"line":127,"column":129}},{"start":{},"end":{}}],"line":127},"41":{"loc":{"start":{"line":128,"column":6},"end":{"line":128,"column":129}},"type":"if","locations":[{"start":{"line":128,"column":6},"end":{"line":128,"column":129}},{"start":{},"end":{}}],"line":128},"42":{"loc":{"start":{"line":147,"column":2},"end":{"line":192,"column":3}},"type":"if","locations":[{"start":{"line":147,"column":2},"end":{"line":192,"column":3}},{"start":{},"end":{}}],"line":147},"43":{"loc":{"start":{"line":152,"column":23},"end":{"line":152,"column":84}},"type":"binary-expr","locations":[{"start":{"line":152,"column":23},"end":{"line":152,"column":38}},{"start":{"line":152,"column":42},"end":{"line":152,"column":84}}],"line":152},"44":{"loc":{"start":{"line":153,"column":25},"end":{"line":153,"column":108}},"type":"cond-expr","locations":[{"start":{"line":153,"column":57},"end":{"line":153,"column":103}},{"start":{"line":153,"column":106},"end":{"line":153,"column":108}}],"line":153},"45":{"loc":{"start":{"line":156,"column":6},"end":{"line":159,"column":37}},"type":"if","locations":[{"start":{"line":156,"column":6},"end":{"line":159,"column":37}},{"start":{"line":159,"column":13},"end":{"line":159,"column":37}}],"line":156},"46":{"loc":{"start":{"line":163,"column":6},"end":{"line":165,"column":60}},"type":"binary-expr","locations":[{"start":{"line":163,"column":6},"end":{"line":163,"column":12}},{"start":{"line":164,"column":7},"end":{"line":164,"column":91}},{"start":{"line":164,"column":95},"end":{"line":164,"column":101}},{"start":{"line":165,"column":6},"end":{"line":165,"column":24}},{"start":{"line":165,"column":28},"end":{"line":165,"column":60}}],"line":163},"47":{"loc":{"start":{"line":164,"column":9},"end":{"line":164,"column":90}},"type":"binary-expr","locations":[{"start":{"line":164,"column":9},"end":{"line":164,"column":37}},{"start":{"line":164,"column":41},"end":{"line":164,"column":69}},{"start":{"line":164,"column":74},"end":{"line":164,"column":81}},{"start":{"line":164,"column":85},"end":{"line":164,"column":89}}],"line":164},"48":{"loc":{"start":{"line":167,"column":6},"end":{"line":171,"column":17}},"type":"if","locations":[{"start":{"line":167,"column":6},"end":{"line":171,"column":17}},{"start":{},"end":{}}],"line":167},"49":{"loc":{"start":{"line":168,"column":8},"end":{"line":169,"column":144}},"type":"binary-expr","locations":[{"start":{"line":168,"column":9},"end":{"line":168,"column":51}},{"start":{"line":168,"column":55},"end":{"line":168,"column":98}},{"start":{"line":169,"column":9},"end":{"line":169,"column":50}},{"start":{"line":169,"column":54},"end":{"line":169,"column":97}},{"start":{"line":169,"column":101},"end":{"line":169,"column":143}}],"line":168},"50":{"loc":{"start":{"line":172,"column":6},"end":{"line":176,"column":16}},"type":"if","locations":[{"start":{"line":172,"column":6},"end":{"line":176,"column":16}},{"start":{},"end":{}}],"line":172},"51":{"loc":{"start":{"line":173,"column":8},"end":{"line":174,"column":144}},"type":"binary-expr","locations":[{"start":{"line":173,"column":9},"end":{"line":173,"column":51}},{"start":{"line":173,"column":55},"end":{"line":173,"column":98}},{"start":{"line":174,"column":9},"end":{"line":174,"column":50}},{"start":{"line":174,"column":54},"end":{"line":174,"column":97}},{"start":{"line":174,"column":101},"end":{"line":174,"column":143}}],"line":173},"52":{"loc":{"start":{"line":180,"column":4},"end":{"line":185,"column":5}},"type":"if","locations":[{"start":{"line":180,"column":4},"end":{"line":185,"column":5}},{"start":{},"end":{}}],"line":180},"53":{"loc":{"start":{"line":189,"column":10},"end":{"line":189,"column":103}},"type":"cond-expr","locations":[{"start":{"line":189,"column":72},"end":{"line":189,"column":98}},{"start":{"line":189,"column":101},"end":{"line":189,"column":103}}],"line":189},"54":{"loc":{"start":{"line":189,"column":10},"end":{"line":189,"column":69}},"type":"binary-expr","locations":[{"start":{"line":189,"column":10},"end":{"line":189,"column":31}},{"start":{"line":189,"column":35},"end":{"line":189,"column":69}}],"line":189},"55":{"loc":{"start":{"line":198,"column":2},"end":{"line":207,"column":3}},"type":"if","locations":[{"start":{"line":198,"column":2},"end":{"line":207,"column":3}},{"start":{},"end":{}}],"line":198},"56":{"loc":{"start":{"line":199,"column":55},"end":{"line":201,"column":108}},"type":"binary-expr","locations":[{"start":{"line":199,"column":55},"end":{"line":199,"column":82}},{"start":{"line":200,"column":9},"end":{"line":200,"column":31}},{"start":{"line":201,"column":10},"end":{"line":201,"column":107}}],"line":199},"57":{"loc":{"start":{"line":201,"column":10},"end":{"line":201,"column":107}},"type":"cond-expr","locations":[{"start":{"line":201,"column":75},"end":{"line":201,"column":97}},{"start":{"line":201,"column":98},"end":{"line":201,"column":107}}],"line":201},"58":{"loc":{"start":{"line":217,"column":8},"end":{"line":217,"column":37}},"type":"if","locations":[{"start":{"line":217,"column":8},"end":{"line":217,"column":37}},{"start":{},"end":{}}],"line":217},"59":{"loc":{"start":{"line":223,"column":12},"end":{"line":223,"column":67}},"type":"if","locations":[{"start":{"line":223,"column":12},"end":{"line":223,"column":67}},{"start":{},"end":{}}],"line":223},"60":{"loc":{"start":{"line":230,"column":12},"end":{"line":234,"column":39}},"type":"if","locations":[{"start":{"line":230,"column":12},"end":{"line":234,"column":39}},{"start":{},"end":{}}],"line":230},"61":{"loc":{"start":{"line":231,"column":16},"end":{"line":232,"column":137}},"type":"binary-expr","locations":[{"start":{"line":231,"column":16},"end":{"line":231,"column":38}},{"start":{"line":232,"column":16},"end":{"line":232,"column":37}},{"start":{"line":232,"column":42},"end":{"line":232,"column":63}},{"start":{"line":232,"column":68},"end":{"line":232,"column":80}},{"start":{"line":232,"column":85},"end":{"line":232,"column":108}},{"start":{"line":232,"column":112},"end":{"line":232,"column":134}}],"line":231},"62":{"loc":{"start":{"line":237,"column":12},"end":{"line":286,"column":13}},"type":"if","locations":[{"start":{"line":237,"column":12},"end":{"line":286,"column":13}},{"start":{},"end":{}}],"line":237},"63":{"loc":{"start":{"line":237,"column":16},"end":{"line":237,"column":136}},"type":"binary-expr","locations":[{"start":{"line":237,"column":16},"end":{"line":237,"column":26}},{"start":{"line":237,"column":30},"end":{"line":237,"column":45}},{"start":{"line":237,"column":49},"end":{"line":237,"column":70}},{"start":{"line":237,"column":74},"end":{"line":237,"column":110}},{"start":{"line":237,"column":114},"end":{"line":237,"column":136}}],"line":237},"64":{"loc":{"start":{"line":240,"column":16},"end":{"line":247,"column":27}},"type":"if","locations":[{"start":{"line":240,"column":16},"end":{"line":247,"column":27}},{"start":{},"end":{}}],"line":240},"65":{"loc":{"start":{"line":241,"column":16},"end":{"line":246,"column":17}},"type":"binary-expr","locations":[{"start":{"line":241,"column":16},"end":{"line":241,"column":77}},{"start":{"line":242,"column":16},"end":{"line":246,"column":17}}],"line":241},"66":{"loc":{"start":{"line":243,"column":20},"end":{"line":245,"column":111}},"type":"binary-expr","locations":[{"start":{"line":243,"column":20},"end":{"line":243,"column":28}},{"start":{"line":244,"column":20},"end":{"line":244,"column":94}},{"start":{"line":245,"column":20},"end":{"line":245,"column":111}}],"line":243},"67":{"loc":{"start":{"line":245,"column":79},"end":{"line":245,"column":110}},"type":"binary-expr","locations":[{"start":{"line":245,"column":79},"end":{"line":245,"column":88}},{"start":{"line":245,"column":92},"end":{"line":245,"column":110}}],"line":245},"68":{"loc":{"start":{"line":257,"column":27},"end":{"line":257,"column":89}},"type":"binary-expr","locations":[{"start":{"line":257,"column":27},"end":{"line":257,"column":63}},{"start":{"line":257,"column":67},"end":{"line":257,"column":89}}],"line":257},"69":{"loc":{"start":{"line":258,"column":24},"end":{"line":258,"column":86}},"type":"binary-expr","locations":[{"start":{"line":258,"column":24},"end":{"line":258,"column":60}},{"start":{"line":258,"column":64},"end":{"line":258,"column":86}}],"line":258},"70":{"loc":{"start":{"line":259,"column":23},"end":{"line":259,"column":93}},"type":"binary-expr","locations":[{"start":{"line":259,"column":23},"end":{"line":259,"column":63}},{"start":{"line":259,"column":67},"end":{"line":259,"column":93}}],"line":259},"71":{"loc":{"start":{"line":265,"column":20},"end":{"line":265,"column":79}},"type":"if","locations":[{"start":{"line":265,"column":20},"end":{"line":265,"column":79}},{"start":{},"end":{}}],"line":265},"72":{"loc":{"start":{"line":267,"column":20},"end":{"line":267,"column":52}},"type":"if","locations":[{"start":{"line":267,"column":20},"end":{"line":267,"column":52}},{"start":{},"end":{}}],"line":267},"73":{"loc":{"start":{"line":274,"column":20},"end":{"line":277,"column":21}},"type":"if","locations":[{"start":{"line":274,"column":20},"end":{"line":277,"column":21}},{"start":{},"end":{}}],"line":274},"74":{"loc":{"start":{"line":276,"column":20},"end":{"line":276,"column":148}},"type":"if","locations":[{"start":{"line":276,"column":20},"end":{"line":276,"column":148}},{"start":{},"end":{}}],"line":276},"75":{"loc":{"start":{"line":280,"column":23},"end":{"line":280,"column":81}},"type":"cond-expr","locations":[{"start":{"line":280,"column":53},"end":{"line":280,"column":76}},{"start":{"line":280,"column":79},"end":{"line":280,"column":81}}],"line":280},"76":{"loc":{"start":{"line":297,"column":51},"end":{"line":297,"column":138}},"type":"cond-expr","locations":[{"start":{"line":297,"column":74},"end":{"line":297,"column":115}},{"start":{"line":297,"column":118},"end":{"line":297,"column":138}}],"line":297},"77":{"loc":{"start":{"line":301,"column":10},"end":{"line":303,"column":11}},"type":"if","locations":[{"start":{"line":301,"column":10},"end":{"line":303,"column":11}},{"start":{},"end":{}}],"line":301},"78":{"loc":{"start":{"line":301,"column":14},"end":{"line":301,"column":158}},"type":"binary-expr","locations":[{"start":{"line":301,"column":15},"end":{"line":301,"column":44}},{"start":{"line":301,"column":48},"end":{"line":301,"column":77}},{"start":{"line":301,"column":81},"end":{"line":301,"column":109}},{"start":{"line":301,"column":113},"end":{"line":301,"column":133}},{"start":{"line":301,"column":138},"end":{"line":301,"column":158}}],"line":301},"79":{"loc":{"start":{"line":306,"column":10},"end":{"line":308,"column":11}},"type":"if","locations":[{"start":{"line":306,"column":10},"end":{"line":308,"column":11}},{"start":{},"end":{}}],"line":306},"80":{"loc":{"start":{"line":306,"column":14},"end":{"line":306,"column":102}},"type":"binary-expr","locations":[{"start":{"line":306,"column":15},"end":{"line":306,"column":44}},{"start":{"line":306,"column":48},"end":{"line":306,"column":77}},{"start":{"line":306,"column":82},"end":{"line":306,"column":102}}],"line":306}},"s":{"0":1,"1":1,"2":1,"3":1,"4":10,"5":1,"6":8,"7":1,"8":11,"9":1,"10":29,"11":217,"12":16,"13":1,"14":35,"15":60,"16":1,"17":20,"18":104,"19":1,"20":4,"21":20,"22":1,"23":1,"24":13,"25":1,"26":1,"27":3,"28":2,"29":3,"30":2,"31":1,"32":1,"33":2,"34":1,"35":0,"36":1,"37":3,"38":3,"39":2,"40":1,"41":0,"42":1,"43":3,"44":1,"45":1,"46":1,"47":0,"48":1,"49":1,"50":1,"51":8,"52":8,"53":71,"54":8,"55":3,"56":3,"57":1,"58":3,"59":5,"60":5,"61":5,"62":5,"63":5,"64":5,"65":5,"66":5,"67":5,"68":5,"69":5,"70":5,"71":1,"72":5,"73":1,"74":5,"75":1,"76":5,"77":1,"78":5,"79":1,"80":6,"81":1,"82":1,"83":1,"84":1,"85":5,"86":5,"87":5,"88":5,"89":55,"90":5,"91":56,"92":15,"93":4,"94":0,"95":0,"96":0,"97":0,"98":5,"99":2,"100":5,"101":15,"102":3,"103":12,"104":40,"105":9,"106":12,"107":12,"108":5,"109":1,"110":1,"111":1,"112":5,"113":1,"114":5,"115":2,"116":8,"117":1,"118":5,"119":5,"120":5,"121":5,"122":5,"123":3,"124":5,"125":3,"126":5,"127":5,"128":5,"129":5,"130":8,"131":1,"132":8,"133":8,"134":8,"135":14,"136":8,"137":1,"138":8,"139":70,"140":8,"141":62,"142":13,"143":49,"144":8,"145":71,"146":8,"147":71,"148":22,"149":49,"150":0,"151":49,"152":8,"153":6,"154":24,"155":68,"156":24,"157":8,"158":71,"159":1,"160":8,"161":70,"162":70,"163":8,"164":75,"165":8,"166":8,"167":8,"168":70,"169":70,"170":8,"171":1,"172":1,"173":1,"174":1,"175":1,"176":1,"177":0,"178":1,"179":1,"180":1,"181":1,"182":1,"183":1,"184":1,"185":8,"186":7,"187":1,"188":1,"189":1,"190":1,"191":34,"192":34,"193":0,"194":34,"195":3,"196":3,"197":0,"198":0,"199":0,"200":3,"201":3,"202":3,"203":3,"204":1,"205":1,"206":1,"207":1,"208":1,"209":0,"210":0,"211":0,"212":0,"213":3,"214":3,"215":3,"216":9,"217":1,"218":1,"219":1,"220":3,"221":3,"222":3,"223":3,"224":3,"225":3,"226":1,"227":1,"228":1,"229":1,"230":1,"231":1,"232":1,"233":42,"234":20,"235":1,"236":60,"237":24,"238":1,"239":1,"240":1},"f":{"0":10,"1":8,"2":11,"3":29,"4":35,"5":60,"6":20,"7":104,"8":4,"9":20,"10":1,"11":13,"12":3,"13":3,"14":3,"15":1,"16":8,"17":71,"18":1,"19":5,"20":1,"21":6,"22":5,"23":55,"24":56,"25":15,"26":4,"27":0,"28":2,"29":40,"30":9,"31":1,"32":5,"33":2,"34":8,"35":5,"36":8,"37":14,"38":1,"39":70,"40":62,"41":71,"42":8,"43":71,"44":68,"45":71,"46":1,"47":70,"48":75,"49":70,"50":1,"51":1,"52":8,"53":0,"54":0,"55":1,"56":3},"b":{"0":[16,201],"1":[217,217],"2":[6],"3":[32,28],"4":[104,24],"5":[20,4],"6":[13,2,2],"7":[2,1],"8":[1,1],"9":[2,1],"10":[1,1],"11":[0,1],"12":[2,1],"13":[0,1],"14":[1,0],"15":[0,1],"16":[3],"17":[3,5],"18":[1,2],"19":[4,1],"20":[1,4],"21":[1,4],"22":[1,4],"23":[0,1],"24":[1,1],"25":[1,4],"26":[56,5,5,4,4],"27":[15,10],"28":[0,0],"29":[3,12],"30":[12,0],"31":[12,12,12],"32":[40,40,12,9],"33":[6,6],"34":[12,9],"35":[1,4],"36":[5,1,1],"37":[1,0],"38":[1,1],"39":[2,3],"40":[3,2],"41":[3,2],"42":[8,0],"43":[8,8],"44":[1,7],"45":[13,49],"46":[71,63,15,58,55],"47":[63,53,48,45],"48":[22,49],"49":[71,4,67,23,23],"50":[0,49],"51":[49,0,49,5,5],"52":[6,2],"53":[7,1],"54":[8,8],"55":[8,0],"56":[8,4,4],"57":[2,2],"58":[0,1],"59":[7,1],"60":[0,34],"61":[34,0,0,0,0,0],"62":[3,31],"63":[34,34,34,22,8],"64":[0,3],"65":[3,0],"66":[0,0,0],"67":[0,0],"68":[3,0],"69":[3,0],"70":[3,1],"71":[1,0],"72":[0,0],"73":[1,8],"74":[1,0],"75":[1,2],"76":[1,0],"77":[20,22],"78":[42,25,24,23,20],"79":[24,36],"80":[60,47,26]},"_coverageSchema":"1a1c01bbd47fc00a2c39e90264f33305004495a9","hash":"ccbce40bfae995aa514a6ee13c2e75da56aec31a"}
}
