TN:
SF:cds-plugin.js
FN:8,(anonymous_0)
FNF:1
FNH:1
FNDA:1,(anonymous_0)
DA:1,1
DA:2,1
DA:4,1
DA:8,1
DA:9,1
DA:10,1
DA:14,1
DA:15,1
LF:8
LH:8
BRDA:4,0,0,1
BRDA:4,0,1,0
BRF:2
BRH:1
end_of_record
TN:
SF:lib/drm-service.js
FN:11,(anonymous_0)
FN:29,(anonymous_1)
FN:35,(anonymous_2)
FN:37,(anonymous_3)
FNF:4
FNH:1
FNDA:1,(anonymous_0)
FNDA:0,(anonymous_1)
FNDA:0,(anonymous_2)
FNDA:0,(anonymous_3)
DA:1,1
DA:2,1
DA:3,1
DA:4,1
DA:5,1
DA:6,1
DA:7,1
DA:8,1
DA:9,1
DA:11,1
DA:13,1
DA:16,1
DA:17,1
DA:19,1
DA:21,1
DA:22,1
DA:24,1
DA:26,1
DA:27,1
DA:29,1
DA:30,0
DA:31,0
DA:32,0
DA:33,0
DA:35,0
DA:36,0
DA:37,0
DA:38,0
DA:39,0
DA:41,0
DA:43,0
DA:44,0
DA:45,0
DA:46,0
DA:47,0
DA:48,0
DA:49,0
DA:50,0
DA:51,0
DA:53,0
DA:55,0
DA:56,0
DA:57,0
DA:58,0
LF:44
LH:20
BRDA:30,0,0,0
BRDA:30,0,1,0
BRDA:31,1,0,0
BRDA:31,1,1,0
BRDA:44,2,0,0
BRDA:44,2,1,0
BRDA:46,3,0,0
BRDA:46,3,1,0
BRDA:48,4,0,0
BRDA:48,4,1,0
BRDA:50,5,0,0
BRDA:50,5,1,0
BRDA:56,6,0,0
BRDA:56,6,1,0
BRF:14
BRH:0
end_of_record
TN:
SF:lib/utils.js
FN:3,(anonymous_0)
FN:5,(anonymous_1)
FN:27,(anonymous_2)
FN:29,(anonymous_3)
FN:40,(anonymous_4)
FN:42,(anonymous_5)
FN:43,(anonymous_6)
FN:51,(anonymous_7)
FN:71,(anonymous_8)
FN:72,(anonymous_9)
FN:73,(anonymous_10)
FN:75,(anonymous_11)
FN:82,(anonymous_12)
FN:89,(anonymous_13)
FN:107,(anonymous_14)
FN:113,(anonymous_15)
FN:118,(anonymous_16)
FN:122,(anonymous_17)
FN:133,(anonymous_18)
FN:144,(anonymous_19)
FN:155,(anonymous_20)
FN:165,(anonymous_21)
FN:171,(anonymous_22)
FN:185,(anonymous_23)
FN:192,(anonymous_24)
FN:200,(anonymous_25)
FN:210,(anonymous_26)
FN:222,(anonymous_27)
FN:225,(anonymous_28)
FN:236,(anonymous_29)
FN:247,(anonymous_30)
FNF:31
FNH:7
FNDA:0,(anonymous_0)
FNDA:0,(anonymous_1)
FNDA:0,(anonymous_2)
FNDA:0,(anonymous_3)
FNDA:0,(anonymous_4)
FNDA:0,(anonymous_5)
FNDA:0,(anonymous_6)
FNDA:0,(anonymous_7)
FNDA:0,(anonymous_8)
FNDA:8,(anonymous_9)
FNDA:0,(anonymous_10)
FNDA:0,(anonymous_11)
FNDA:8,(anonymous_12)
FNDA:0,(anonymous_13)
FNDA:0,(anonymous_14)
FNDA:0,(anonymous_15)
FNDA:0,(anonymous_16)
FNDA:0,(anonymous_17)
FNDA:0,(anonymous_18)
FNDA:0,(anonymous_19)
FNDA:0,(anonymous_20)
FNDA:0,(anonymous_21)
FNDA:0,(anonymous_22)
FNDA:8,(anonymous_23)
FNDA:0,(anonymous_24)
FNDA:0,(anonymous_25)
FNDA:0,(anonymous_26)
FNDA:1,(anonymous_27)
FNDA:1,(anonymous_28)
FNDA:45,(anonymous_29)
FNDA:33,(anonymous_30)
DA:1,1
DA:3,1
DA:4,0
DA:5,0
DA:6,0
DA:7,0
DA:10,0
DA:11,0
DA:16,0
DA:24,0
DA:27,1
DA:28,0
DA:29,0
DA:30,0
DA:31,0
DA:37,0
DA:40,1
DA:41,0
DA:42,0
DA:43,0
DA:44,0
DA:45,0
DA:46,0
DA:48,0
DA:51,1
DA:52,0
DA:53,0
DA:54,0
DA:55,0
DA:56,0
DA:57,0
DA:58,0
DA:59,0
DA:60,0
DA:61,0
DA:63,0
DA:64,0
DA:65,0
DA:66,0
DA:68,0
DA:71,1
DA:72,8
DA:73,1
DA:75,1
DA:76,0
DA:77,0
DA:78,0
DA:82,1
DA:83,8
DA:84,104
DA:85,8
DA:89,1
DA:90,0
DA:91,0
DA:96,0
DA:97,0
DA:104,0
DA:107,1
DA:108,0
DA:109,0
DA:110,0
DA:111,0
DA:113,1
DA:114,0
DA:115,0
DA:118,0
DA:122,1
DA:123,0
DA:124,0
DA:125,0
DA:126,0
DA:127,0
DA:130,0
DA:133,1
DA:134,0
DA:135,0
DA:136,0
DA:137,0
DA:138,0
DA:141,0
DA:144,1
DA:145,0
DA:146,0
DA:147,0
DA:148,0
DA:149,0
DA:152,0
DA:155,1
DA:156,0
DA:157,0
DA:158,0
DA:159,0
DA:162,0
DA:165,1
DA:166,0
DA:167,0
DA:168,0
DA:171,1
DA:172,0
DA:173,0
DA:174,0
DA:175,0
DA:177,0
DA:178,0
DA:179,0
DA:182,0
DA:185,1
DA:186,8
DA:187,4
DA:189,4
DA:192,1
DA:193,0
DA:194,0
DA:195,0
DA:196,0
DA:197,0
DA:198,0
DA:199,0
DA:200,0
DA:202,0
DA:203,0
DA:204,0
DA:205,0
DA:211,0
DA:212,0
DA:220,0
DA:222,1
DA:223,1
DA:224,1
DA:225,1
DA:226,1
DA:227,0
DA:228,0
DA:229,0
DA:231,1
DA:233,1
DA:236,1
DA:237,45
DA:238,45
DA:239,45
DA:247,1
DA:248,33
DA:249,33
DA:250,33
DA:251,12
DA:252,0
DA:254,12
DA:255,2
DA:257,1
DA:264,1
LF:150
LH:47
BRDA:6,0,0,0
BRDA:6,0,1,0
BRDA:10,1,0,0
BRDA:10,1,1,0
BRDA:30,2,0,0
BRDA:30,2,1,0
BRDA:41,3,0,0
BRDA:41,3,1,0
BRDA:42,4,0,0
BRDA:42,4,1,0
BRDA:43,5,0,0
BRDA:43,5,1,0
BRDA:44,6,0,0
BRDA:44,6,1,0
BRDA:45,7,0,0
BRDA:45,7,1,0
BRDA:52,8,0,0
BRDA:52,8,1,0
BRDA:54,9,0,0
BRDA:54,9,1,0
BRDA:56,10,0,0
BRDA:56,10,1,0
BRDA:58,11,0,0
BRDA:58,11,1,0
BRDA:60,12,0,0
BRDA:60,12,1,0
BRDA:64,13,0,0
BRDA:64,13,1,0
BRDA:77,14,0,0
BRDA:77,14,1,0
BRDA:77,15,0,0
BRDA:77,15,1,0
BRDA:77,15,2,0
BRDA:84,16,0,8
BRDA:84,16,1,96
BRDA:84,17,0,104
BRDA:84,17,1,104
BRDA:84,17,2,16
BRDA:96,18,0,0
BRDA:96,18,1,0
BRDA:126,19,0,0
BRDA:126,19,1,0
BRDA:126,20,0,0
BRDA:126,20,1,0
BRDA:126,20,2,0
BRDA:126,20,3,0
BRDA:126,20,4,0
BRDA:137,21,0,0
BRDA:137,21,1,0
BRDA:137,22,0,0
BRDA:137,22,1,0
BRDA:137,22,2,0
BRDA:148,23,0,0
BRDA:148,23,1,0
BRDA:148,24,0,0
BRDA:148,24,1,0
BRDA:158,25,0,0
BRDA:158,25,1,0
BRDA:158,26,0,0
BRDA:158,26,1,0
BRDA:158,26,2,0
BRDA:174,27,0,0
BRDA:174,27,1,0
BRDA:174,28,0,0
BRDA:174,28,1,0
BRDA:177,29,0,0
BRDA:177,29,1,0
BRDA:186,30,0,4
BRDA:186,30,1,4
BRDA:194,31,0,0
BRDA:194,31,1,0
BRDA:196,32,0,0
BRDA:196,32,1,0
BRDA:199,33,0,0
BRDA:199,33,1,0
BRDA:199,34,0,0
BRDA:199,34,1,0
BRDA:199,34,2,0
BRDA:199,34,3,0
BRDA:204,35,0,0
BRDA:204,35,1,0
BRDA:222,36,0,1
BRDA:224,37,0,1
BRDA:224,37,1,1
BRDA:226,38,0,0
BRDA:226,38,1,1
BRDA:237,39,0,0
BRDA:237,39,1,45
BRDA:239,40,0,24
BRDA:239,40,1,21
BRDA:239,41,0,45
BRDA:239,41,1,24
BRDA:248,42,0,0
BRDA:248,42,1,33
BRDA:250,43,0,21
BRDA:250,43,1,12
BRDA:251,44,0,0
BRDA:251,44,1,12
BRDA:254,45,0,10
BRDA:254,45,1,2
BRF:100
BRH:22
end_of_record
TN:
SF:lib/drm-handlers/data-discovery.js
FN:9,serveDataDiscovery
FN:17,(anonymous_1)
FN:23,(anonymous_2)
FNF:3
FNH:1
FNDA:1,serveDataDiscovery
FNDA:0,(anonymous_1)
FNDA:0,(anonymous_2)
DA:1,1
DA:3,1
DA:9,1
DA:10,1
DA:12,1
DA:13,8
DA:14,8
DA:17,1
DA:18,0
DA:19,0
DA:20,0
DA:21,0
DA:23,1
DA:24,0
DA:25,0
DA:26,0
DA:27,0
DA:29,0
DA:30,0
DA:31,0
DA:32,0
DA:35,0
DA:36,0
LF:23
LH:9
BRDA:19,0,0,0
BRDA:19,0,1,0
BRDA:20,1,0,0
BRDA:20,1,1,0
BRDA:24,2,0,0
BRDA:24,2,1,0
BRDA:25,3,0,0
BRDA:25,3,1,0
BRDA:29,4,0,0
BRDA:29,4,1,0
BRF:10
BRH:0
end_of_record
TN:
SF:lib/drm-handlers/archive-and-destruction/archive.js
FN:6,serveArchiveRequests
FN:10,(anonymous_1)
FN:45,(anonymous_2)
FN:63,(anonymous_3)
FN:65,(anonymous_4)
FN:81,(anonymous_5)
FN:90,(anonymous_6)
FN:91,(anonymous_7)
FN:93,(anonymous_8)
FN:124,(anonymous_9)
FNF:10
FNH:1
FNDA:1,serveArchiveRequests
FNDA:0,(anonymous_1)
FNDA:0,(anonymous_2)
FNDA:0,(anonymous_3)
FNDA:0,(anonymous_4)
FNDA:0,(anonymous_5)
FNDA:0,(anonymous_6)
FNDA:0,(anonymous_7)
FNDA:0,(anonymous_8)
FNDA:0,(anonymous_9)
DA:1,1
DA:2,1
DA:3,1
DA:4,1
DA:7,1
DA:10,1
DA:14,0
DA:15,0
DA:16,0
DA:17,0
DA:19,0
DA:21,0
DA:22,0
DA:23,0
DA:29,0
DA:31,0
DA:32,0
DA:38,0
DA:39,0
DA:40,0
DA:45,0
DA:46,0
DA:47,0
DA:53,0
DA:55,0
DA:57,0
DA:59,0
DA:61,0
DA:64,0
DA:66,0
DA:70,0
DA:77,0
DA:78,0
DA:81,1
DA:84,0
DA:85,0
DA:86,0
DA:89,0
DA:90,0
DA:91,0
DA:92,0
DA:93,0
DA:94,0
DA:95,0
DA:100,0
DA:103,0
DA:106,0
DA:109,0
DA:117,0
DA:118,0
DA:119,0
DA:121,0
DA:122,0
DA:123,0
DA:124,0
DA:125,0
DA:126,0
DA:127,0
DA:128,0
DA:133,0
DA:134,0
DA:135,0
DA:138,0
DA:140,0
DA:141,0
DA:143,0
DA:144,0
DA:145,0
DA:147,0
DA:155,0
DA:157,0
DA:158,0
DA:159,0
DA:161,0
DA:162,0
DA:163,0
DA:164,0
DA:165,0
DA:171,0
DA:174,0
DA:176,0
DA:179,0
DA:181,0
DA:189,1
LF:84
LH:8
BRDA:12,0,0,0
BRDA:13,1,0,0
BRDA:16,2,0,0
BRDA:16,2,1,0
BRDA:22,3,0,0
BRDA:22,3,1,0
BRDA:31,4,0,0
BRDA:31,4,1,0
BRDA:39,5,0,0
BRDA:39,5,1,0
BRDA:92,6,0,0
BRDA:92,6,1,0
BRDA:94,7,0,0
BRDA:94,7,1,0
BRDA:127,8,0,0
BRDA:127,8,1,0
BRDA:133,9,0,0
BRDA:133,9,1,0
BRDA:140,10,0,0
BRDA:140,10,1,0
BRDA:143,11,0,0
BRDA:143,11,1,0
BRDA:157,12,0,0
BRDA:157,12,1,0
BRDA:163,13,0,0
BRDA:163,13,1,0
BRF:26
BRH:0
end_of_record
TN:
SF:lib/drm-handlers/archive-and-destruction/destruction.js
FN:6,serveDestructionRequests
FN:9,(anonymous_1)
FN:35,(anonymous_2)
FN:56,getILMObjectIDsToBeDeleted
FN:67,(anonymous_4)
FNF:5
FNH:1
FNDA:1,serveDestructionRequests
FNDA:0,(anonymous_1)
FNDA:0,(anonymous_2)
FNDA:0,getILMObjectIDsToBeDeleted
FNDA:0,(anonymous_4)
DA:1,1
DA:2,1
DA:3,1
DA:4,1
DA:7,1
DA:9,1
DA:13,0
DA:15,0
DA:19,0
DA:21,0
DA:22,0
DA:23,0
DA:25,0
DA:26,0
DA:28,0
DA:35,1
DA:39,0
DA:41,0
DA:45,0
DA:46,0
DA:47,0
DA:49,0
DA:57,0
DA:58,0
DA:59,0
DA:60,0
DA:61,0
DA:62,0
DA:63,0
DA:64,0
DA:65,0
DA:66,0
DA:67,0
DA:68,0
DA:72,0
DA:74,0
DA:75,0
DA:77,0
DA:82,1
LF:39
LH:8
BRDA:12,0,0,0
BRDA:21,1,0,0
BRDA:21,1,1,0
BRDA:38,2,0,0
BRDA:68,3,0,0
BRDA:68,3,1,0
BRDA:69,4,0,0
BRDA:69,4,1,0
BRDA:69,5,0,0
BRDA:69,5,1,0
BRDA:70,6,0,0
BRDA:70,6,1,0
BRDA:70,6,2,0
BRDA:74,7,0,0
BRDA:74,7,1,0
BRF:15
BRH:0
end_of_record
TN:
SF:lib/drm-handlers/data-subject-deletion/data-subject-deletion.js
FN:18,serveDataSubjectDeletion
FN:22,(anonymous_1)
FN:36,(anonymous_2)
FN:56,(anonymous_3)
FN:68,(anonymous_4)
FN:108,(anonymous_5)
FN:113,(anonymous_6)
FN:124,(anonymous_7)
FN:143,(anonymous_8)
FN:163,(anonymous_9)
FN:183,(anonymous_10)
FN:226,(anonymous_11)
FNF:12
FNH:1
FNDA:1,serveDataSubjectDeletion
FNDA:0,(anonymous_1)
FNDA:0,(anonymous_2)
FNDA:0,(anonymous_3)
FNDA:0,(anonymous_4)
FNDA:0,(anonymous_5)
FNDA:0,(anonymous_6)
FNDA:0,(anonymous_7)
FNDA:0,(anonymous_8)
FNDA:0,(anonymous_9)
FNDA:0,(anonymous_10)
FNDA:0,(anonymous_11)
DA:1,1
DA:2,1
DA:3,1
DA:15,1
DA:16,1
DA:20,1
DA:22,1
DA:23,0
DA:24,0
DA:25,0
DA:26,0
DA:27,0
DA:28,0
DA:29,0
DA:30,0
DA:31,0
DA:32,0
DA:34,0
DA:35,0
DA:36,0
DA:37,0
DA:43,0
DA:45,0
DA:47,0
DA:51,0
DA:52,0
DA:56,1
DA:57,0
DA:58,0
DA:59,0
DA:60,0
DA:61,0
DA:62,0
DA:63,0
DA:64,0
DA:65,0
DA:68,1
DA:69,0
DA:70,0
DA:76,0
DA:77,0
DA:78,0
DA:80,0
DA:82,0
DA:83,0
DA:84,0
DA:94,0
DA:95,0
DA:100,0
DA:106,0
DA:108,0
DA:109,0
DA:110,0
DA:113,0
DA:114,0
DA:120,0
DA:121,0
DA:124,1
DA:126,0
DA:127,0
DA:131,0
DA:132,0
DA:134,0
DA:135,0
DA:137,0
DA:138,0
DA:139,0
DA:142,0
DA:143,0
DA:144,0
DA:153,0
DA:154,0
DA:155,0
DA:157,0
DA:158,0
DA:159,0
DA:160,0
DA:163,1
DA:164,0
DA:165,0
DA:166,0
DA:167,0
DA:168,0
DA:173,0
DA:178,0
DA:179,0
DA:180,0
DA:183,1
DA:184,0
DA:185,0
DA:186,0
DA:187,0
DA:188,0
DA:189,0
DA:190,0
DA:192,0
DA:193,0
DA:195,0
DA:196,0
DA:197,0
DA:198,0
DA:199,0
DA:200,0
DA:205,0
DA:206,0
DA:207,0
DA:208,0
DA:209,0
DA:212,0
DA:213,0
DA:221,0
DA:222,0
DA:226,1
DA:227,0
DA:228,0
DA:231,0
DA:235,0
DA:236,0
DA:237,0
DA:238,0
DA:239,0
DA:240,0
DA:241,0
DA:242,0
DA:243,0
DA:244,0
DA:245,0
DA:247,0
DA:248,0
DA:254,0
DA:255,0
DA:256,0
DA:258,0
DA:259,0
DA:260,0
DA:261,0
DA:262,0
DA:266,0
DA:267,0
DA:269,0
DA:270,0
DA:271,0
DA:273,0
DA:274,0
DA:280,1
LF:145
LH:14
BRDA:30,0,0,0
BRDA:30,0,1,0
BRDA:30,1,0,0
BRDA:30,1,1,0
BRDA:30,1,2,0
BRDA:49,2,0,0
BRDA:49,2,1,0
BRDA:61,3,0,0
BRDA:61,3,1,0
BRDA:77,4,0,0
BRDA:77,4,1,0
BRDA:78,5,0,0
BRDA:78,5,1,0
BRDA:94,6,0,0
BRDA:94,6,1,0
BRDA:108,7,0,0
BRDA:108,7,1,0
BRDA:137,8,0,0
BRDA:137,8,1,0
BRDA:149,9,0,0
BRDA:149,9,1,0
BRDA:153,10,0,0
BRDA:153,10,1,0
BRDA:167,11,0,0
BRDA:167,11,1,0
BRDA:187,12,0,0
BRDA:187,12,1,0
BRDA:188,13,0,0
BRDA:188,13,1,0
BRDA:192,14,0,0
BRDA:192,14,1,0
BRDA:192,15,0,0
BRDA:192,15,1,0
BRDA:198,16,0,0
BRDA:198,16,1,0
BRDA:209,17,0,0
BRDA:209,17,1,0
BRDA:212,18,0,0
BRDA:212,18,1,0
BRDA:212,19,0,0
BRDA:212,19,1,0
BRDA:218,20,0,0
BRDA:218,20,1,0
BRDA:235,21,0,0
BRDA:235,21,1,0
BRDA:241,22,0,0
BRDA:241,22,1,0
BRDA:241,23,0,0
BRDA:241,23,1,0
BRDA:243,24,0,0
BRDA:243,24,1,0
BRDA:247,25,0,0
BRDA:247,25,1,0
BRDA:254,26,0,0
BRDA:254,26,1,0
BRDA:260,27,0,0
BRDA:260,27,1,0
BRDA:266,28,0,0
BRDA:266,28,1,0
BRDA:269,29,0,0
BRDA:269,29,1,0
BRF:61
BRH:0
end_of_record
TN:
SF:lib/drm-handlers/data-subject-deletion/data-subject-eligible-for-deletion.js
FN:4,serveDataSubjectEligibleForDeletion
FN:10,(anonymous_1)
FN:43,(anonymous_2)
FN:44,(anonymous_3)
FN:48,(anonymous_4)
FN:53,(anonymous_5)
FN:77,(anonymous_6)
FN:80,(anonymous_7)
FN:84,(anonymous_8)
FN:87,(anonymous_9)
FN:98,(anonymous_10)
FN:118,(anonymous_11)
FN:125,whereClauseForRetentionSets
FN:173,(anonymous_13)
FN:178,(anonymous_14)
FNF:15
FNH:1
FNDA:1,serveDataSubjectEligibleForDeletion
FNDA:0,(anonymous_1)
FNDA:0,(anonymous_2)
FNDA:0,(anonymous_3)
FNDA:0,(anonymous_4)
FNDA:0,(anonymous_5)
FNDA:0,(anonymous_6)
FNDA:0,(anonymous_7)
FNDA:0,(anonymous_8)
FNDA:0,(anonymous_9)
FNDA:0,(anonymous_10)
FNDA:0,(anonymous_11)
FNDA:0,whereClauseForRetentionSets
FNDA:0,(anonymous_13)
FNDA:0,(anonymous_14)
DA:1,1
DA:2,1
DA:10,1
DA:11,0
DA:13,0
DA:16,0
DA:17,0
DA:18,0
DA:20,0
DA:22,0
DA:23,0
DA:28,0
DA:30,0
DA:39,0
DA:40,0
DA:42,0
DA:43,0
DA:44,0
DA:48,1
DA:49,0
DA:50,0
DA:52,0
DA:53,0
DA:54,0
DA:55,0
DA:56,0
DA:57,0
DA:59,0
DA:61,0
DA:62,0
DA:67,0
DA:68,0
DA:69,0
DA:75,0
DA:77,0
DA:80,1
DA:81,0
DA:83,0
DA:84,0
DA:87,0
DA:88,0
DA:92,0
DA:93,0
DA:94,0
DA:95,0
DA:98,0
DA:102,0
DA:103,0
DA:110,0
DA:116,0
DA:117,0
DA:118,0
DA:119,0
DA:121,0
DA:122,0
DA:126,0
DA:127,0
DA:129,0
DA:130,0
DA:131,0
DA:132,0
DA:133,0
DA:134,0
DA:136,0
DA:141,0
DA:142,0
DA:149,0
DA:150,0
DA:157,0
DA:159,0
DA:160,0
DA:161,0
DA:162,0
DA:163,0
DA:165,0
DA:167,0
DA:172,0
DA:174,0
DA:175,0
DA:176,0
DA:179,0
DA:180,0
DA:181,0
DA:184,0
DA:185,0
DA:190,1
LF:86
LH:6
BRDA:22,0,0,0
BRDA:22,0,1,0
BRDA:22,1,0,0
BRDA:22,1,1,0
BRDA:49,2,0,0
BRDA:55,3,0,0
BRDA:55,3,1,0
BRDA:61,4,0,0
BRDA:61,4,1,0
BRDA:61,5,0,0
BRDA:61,5,1,0
BRDA:68,6,0,0
BRDA:68,6,1,0
BRDA:87,7,0,0
BRDA:87,7,1,0
BRDA:87,7,2,0
BRDA:88,8,0,0
BRDA:88,8,1,0
BRDA:102,9,0,0
BRDA:102,9,1,0
BRDA:132,10,0,0
BRDA:132,10,1,0
BRDA:133,11,0,0
BRDA:133,11,1,0
BRDA:141,12,0,0
BRDA:141,12,1,0
BRDA:141,13,0,0
BRDA:141,13,1,0
BRDA:149,14,0,0
BRDA:149,14,1,0
BRDA:160,15,0,0
BRDA:160,15,1,0
BRDA:174,16,0,0
BRDA:174,16,1,0
BRDA:179,17,0,0
BRDA:179,17,1,0
BRF:36
BRH:0
end_of_record
TN:
SF:lib/model/get-dpi-entities.js
FN:22,(anonymous_0)
FN:24,mapCDStoDRMtype
FN:50,fieldIsAllowedForRange
FN:51,(anonymous_3)
FN:54,(anonymous_4)
FN:60,fieldIsAllowedForFiltering
FN:62,(anonymous_6)
FN:66,(anonymous_7)
FN:69,(anonymous_8)
FN:73,getDPIentities
FN:80,handleValueList
FN:82,(anonymous_11)
FN:83,(anonymous_12)
FN:83,(anonymous_13)
FN:106,(anonymous_14)
FN:120,buildConditions
FN:121,(anonymous_16)
FN:155,buildSelectionCriteria
FN:157,(anonymous_18)
FN:189,buildOrganizationAttribute
FN:221,(anonymous_20)
FN:250,(anonymous_21)
FN:304,(anonymous_22)
FN:332,(anonymous_23)
FN:374,(anonymous_24)
FNF:25
FNH:21
FNDA:20,(anonymous_0)
FNDA:58,mapCDStoDRMtype
FNDA:12,fieldIsAllowedForRange
FNDA:8,(anonymous_3)
FNDA:8,(anonymous_4)
FNDA:38,fieldIsAllowedForFiltering
FNDA:20,(anonymous_6)
FNDA:6,(anonymous_7)
FNDA:30,(anonymous_8)
FNDA:1,getDPIentities
FNDA:68,handleValueList
FNDA:4,(anonymous_11)
FNDA:12,(anonymous_12)
FNDA:8,(anonymous_13)
FNDA:0,(anonymous_14)
FNDA:4,buildConditions
FNDA:52,(anonymous_16)
FNDA:4,buildSelectionCriteria
FNDA:52,(anonymous_18)
FNDA:4,buildOrganizationAttribute
FNDA:0,(anonymous_20)
FNDA:0,(anonymous_21)
FNDA:52,(anonymous_22)
FNDA:4,(anonymous_23)
FNDA:0,(anonymous_24)
DA:1,1
DA:2,1
DA:3,1
DA:5,1
DA:22,20
DA:25,58
DA:28,32
DA:35,0
DA:38,0
DA:40,0
DA:44,12
DA:46,14
DA:51,12
DA:52,8
DA:54,12
DA:55,8
DA:57,12
DA:61,38
DA:63,20
DA:66,6
DA:69,30
DA:74,1
DA:76,1
DA:77,1
DA:81,68
DA:82,4
DA:83,12
DA:84,8
DA:85,4
DA:86,4
DA:87,4
DA:88,8
DA:90,4
DA:91,4
DA:92,4
DA:93,4
DA:94,4
DA:95,4
DA:100,4
DA:101,4
DA:102,4
DA:107,0
DA:111,0
DA:112,0
DA:115,4
DA:117,64
DA:121,4
DA:122,52
DA:123,52
DA:124,2
DA:130,2
DA:131,2
DA:132,2
DA:133,2
DA:135,2
DA:137,52
DA:156,4
DA:157,4
DA:158,52
DA:159,52
DA:160,12
DA:166,12
DA:167,6
DA:168,6
DA:169,6
DA:172,12
DA:173,2
DA:174,2
DA:175,2
DA:176,2
DA:177,2
DA:180,12
DA:181,12
DA:183,12
DA:185,52
DA:190,4
DA:191,4
DA:197,4
DA:198,4
DA:199,0
DA:201,4
DA:202,4
DA:203,4
DA:204,4
DA:205,4
DA:207,4
DA:208,4
DA:210,4
DA:212,0
DA:215,4
DA:216,4
DA:217,4
DA:222,0
DA:226,0
DA:227,0
DA:230,4
DA:232,4
DA:233,0
DA:234,0
DA:235,0
DA:237,4
DA:238,4
DA:241,1
DA:243,1
DA:244,1
DA:245,71
DA:246,71
DA:247,71
DA:248,1
DA:249,1
DA:250,1
DA:251,0
DA:253,1
DA:254,0
DA:258,0
DA:260,1
DA:261,0
DA:266,1
DA:274,1
DA:275,0
DA:276,0
DA:277,0
DA:279,1
DA:280,70
DA:281,4
DA:282,0
DA:287,4
DA:288,0
DA:293,4
DA:294,0
DA:296,4
DA:297,4
DA:298,4
DA:305,52
DA:306,4
DA:310,4
DA:311,0
DA:312,0
DA:313,0
DA:315,4
DA:317,52
DA:333,4
DA:338,4
DA:339,0
DA:340,0
DA:341,0
DA:343,4
DA:356,4
DA:357,4
DA:364,4
DA:365,2
DA:366,2
DA:367,2
DA:369,4
DA:373,1
DA:374,0
DA:375,0
DA:376,0
DA:382,1
DA:392,1
LF:160
LH:127
BRDA:22,0,0,20
BRDA:22,0,1,0
BRDA:22,1,0,0
BRDA:22,1,1,0
BRDA:25,2,0,12
BRDA:25,2,1,32
BRDA:25,2,2,0
BRDA:25,2,3,0
BRDA:25,2,4,0
BRDA:25,2,5,0
BRDA:25,2,6,0
BRDA:25,2,7,0
BRDA:25,2,8,0
BRDA:25,2,9,0
BRDA:25,2,10,0
BRDA:25,2,11,8
BRDA:25,2,12,12
BRDA:25,2,13,12
BRDA:25,2,14,14
BRDA:51,3,0,12
BRDA:51,3,1,8
BRDA:52,4,0,8
BRDA:52,4,1,2
BRDA:54,5,0,12
BRDA:54,5,1,8
BRDA:55,6,0,8
BRDA:55,6,1,2
BRDA:57,7,0,12
BRDA:57,7,1,10
BRDA:57,7,2,4
BRDA:57,7,3,4
BRDA:61,8,0,38
BRDA:61,8,1,36
BRDA:61,8,2,20
BRDA:61,8,3,20
BRDA:61,8,4,16
BRDA:61,8,5,12
BRDA:61,8,6,6
BRDA:61,8,7,6
BRDA:61,8,8,30
BRDA:61,8,9,30
BRDA:62,9,0,38
BRDA:62,9,1,20
BRDA:77,10,0,1
BRDA:77,10,1,0
BRDA:80,11,0,0
BRDA:81,12,0,4
BRDA:81,12,1,64
BRDA:81,13,0,68
BRDA:81,13,1,6
BRDA:81,13,2,4
BRDA:82,14,0,4
BRDA:82,14,1,0
BRDA:82,15,0,4
BRDA:82,15,1,0
BRDA:83,16,0,4
BRDA:83,16,1,0
BRDA:84,17,0,4
BRDA:84,17,1,4
BRDA:84,18,0,8
BRDA:84,18,1,8
BRDA:84,18,2,8
BRDA:86,19,0,4
BRDA:86,19,1,0
BRDA:86,20,0,4
BRDA:86,20,1,4
BRDA:90,21,0,0
BRDA:90,21,1,4
BRDA:94,22,0,4
BRDA:94,22,1,0
BRDA:108,23,0,0
BRDA:108,23,1,0
BRDA:108,24,0,0
BRDA:108,24,1,0
BRDA:109,25,0,0
BRDA:109,25,1,0
BRDA:109,26,0,0
BRDA:109,26,1,0
BRDA:123,27,0,2
BRDA:123,27,1,50
BRDA:127,28,0,2
BRDA:127,28,1,0
BRDA:130,29,0,2
BRDA:130,29,1,0
BRDA:156,30,0,0
BRDA:156,30,1,4
BRDA:159,31,0,12
BRDA:159,31,1,40
BRDA:159,32,0,52
BRDA:159,32,1,38
BRDA:162,33,0,12
BRDA:162,33,1,0
BRDA:166,34,0,6
BRDA:166,34,1,6
BRDA:166,35,0,12
BRDA:166,35,1,0
BRDA:167,36,0,6
BRDA:167,36,1,0
BRDA:172,37,0,2
BRDA:172,37,1,10
BRDA:174,38,0,2
BRDA:174,38,1,0
BRDA:181,39,0,2
BRDA:181,39,1,10
BRDA:198,40,0,0
BRDA:198,40,1,4
BRDA:204,41,0,4
BRDA:204,41,1,0
BRDA:204,42,0,4
BRDA:204,42,1,0
BRDA:205,43,0,4
BRDA:205,43,1,0
BRDA:205,44,0,4
BRDA:205,44,1,4
BRDA:210,45,0,4
BRDA:210,45,1,4
BRDA:210,45,2,0
BRDA:232,46,0,0
BRDA:232,46,1,4
BRDA:241,47,0,1
BRDA:241,47,1,0
BRDA:246,48,0,0
BRDA:246,48,1,71
BRDA:247,49,0,1
BRDA:247,49,1,70
BRDA:247,50,0,71
BRDA:247,50,1,47
BRDA:247,50,2,47
BRDA:247,50,3,21
BRDA:250,51,0,0
BRDA:250,51,1,1
BRDA:253,52,0,0
BRDA:253,52,1,1
BRDA:260,53,0,0
BRDA:260,53,1,1
BRDA:260,54,0,1
BRDA:260,54,1,1
BRDA:260,54,2,1
BRDA:260,55,0,1
BRDA:260,55,1,0
BRDA:268,56,0,1
BRDA:268,56,1,0
BRDA:274,57,0,0
BRDA:274,57,1,1
BRDA:274,58,0,1
BRDA:274,58,1,0
BRDA:275,59,0,0
BRDA:275,59,1,0
BRDA:280,60,0,4
BRDA:280,60,1,66
BRDA:280,61,0,70
BRDA:280,61,1,15
BRDA:281,62,0,0
BRDA:281,62,1,4
BRDA:287,63,0,0
BRDA:287,63,1,4
BRDA:293,64,0,0
BRDA:293,64,1,4
BRDA:301,65,0,4
BRDA:301,65,1,0
BRDA:305,66,0,4
BRDA:305,66,1,48
BRDA:305,67,0,52
BRDA:305,67,1,4
BRDA:305,67,2,4
BRDA:308,68,0,4
BRDA:308,68,1,0
BRDA:310,69,0,0
BRDA:310,69,1,4
BRDA:332,70,0,4
BRDA:332,70,1,0
BRDA:335,71,0,4
BRDA:335,71,1,0
BRDA:338,72,0,0
BRDA:338,72,1,4
BRDA:356,73,0,4
BRDA:356,73,1,0
BRDA:364,74,0,2
BRDA:364,74,1,2
BRF:179
BRH:117
end_of_record
TN:
SF:lib/model/srv-generation.js
FN:4,(anonymous_0)
FN:5,(anonymous_1)
FN:6,(anonymous_2)
FN:8,(anonymous_3)
FN:15,(anonymous_4)
FN:15,(anonymous_5)
FN:16,(anonymous_6)
FN:16,(anonymous_7)
FN:17,(anonymous_8)
FN:17,(anonymous_9)
FN:18,(anonymous_10)
FN:18,(anonymous_11)
FN:24,(anonymous_12)
FN:26,(anonymous_13)
FN:34,(anonymous_14)
FN:42,(anonymous_15)
FN:48,(anonymous_16)
FN:50,(anonymous_17)
FN:53,(anonymous_18)
FN:63,(anonymous_19)
FN:71,(anonymous_20)
FN:73,(anonymous_21)
FN:82,(anonymous_22)
FN:83,(anonymous_23)
FN:87,(anonymous_24)
FN:87,(anonymous_25)
FN:87,(anonymous_26)
FN:87,(anonymous_27)
FN:88,(anonymous_28)
FN:98,(anonymous_29)
FN:103,(anonymous_30)
FN:113,(anonymous_31)
FN:115,(anonymous_32)
FN:119,(anonymous_33)
FN:120,(anonymous_34)
FN:125,(anonymous_35)
FN:141,annotations
FN:152,(anonymous_37)
FN:153,(anonymous_38)
FN:154,(anonymous_39)
FN:155,(anonymous_40)
FN:162,(anonymous_41)
FN:165,(anonymous_42)
FN:166,(anonymous_43)
FN:182,(anonymous_44)
FN:187,(anonymous_45)
FN:188,(anonymous_46)
FN:193,(anonymous_47)
FN:198,(anonymous_48)
FN:203,(anonymous_49)
FN:212,dpiServiceGeneration
FN:216,(anonymous_51)
FN:222,(anonymous_52)
FN:242,(anonymous_53)
FN:245,(anonymous_54)
FN:261,(anonymous_55)
FN:271,(anonymous_56)
FNF:57
FNH:54
FNDA:10,(anonymous_0)
FNDA:8,(anonymous_1)
FNDA:11,(anonymous_2)
FNDA:29,(anonymous_3)
FNDA:35,(anonymous_4)
FNDA:60,(anonymous_5)
FNDA:20,(anonymous_6)
FNDA:104,(anonymous_7)
FNDA:4,(anonymous_8)
FNDA:20,(anonymous_9)
FNDA:1,(anonymous_10)
FNDA:13,(anonymous_11)
FNDA:3,(anonymous_12)
FNDA:3,(anonymous_13)
FNDA:3,(anonymous_14)
FNDA:1,(anonymous_15)
FNDA:8,(anonymous_16)
FNDA:71,(anonymous_17)
FNDA:1,(anonymous_18)
FNDA:5,(anonymous_19)
FNDA:1,(anonymous_20)
FNDA:6,(anonymous_21)
FNDA:5,(anonymous_22)
FNDA:55,(anonymous_23)
FNDA:56,(anonymous_24)
FNDA:15,(anonymous_25)
FNDA:4,(anonymous_26)
FNDA:0,(anonymous_27)
FNDA:2,(anonymous_28)
FNDA:40,(anonymous_29)
FNDA:9,(anonymous_30)
FNDA:1,(anonymous_31)
FNDA:5,(anonymous_32)
FNDA:2,(anonymous_33)
FNDA:8,(anonymous_34)
FNDA:5,(anonymous_35)
FNDA:8,annotations
FNDA:14,(anonymous_37)
FNDA:1,(anonymous_38)
FNDA:70,(anonymous_39)
FNDA:62,(anonymous_40)
FNDA:71,(anonymous_41)
FNDA:8,(anonymous_42)
FNDA:71,(anonymous_43)
FNDA:68,(anonymous_44)
FNDA:71,(anonymous_45)
FNDA:1,(anonymous_46)
FNDA:70,(anonymous_47)
FNDA:75,(anonymous_48)
FNDA:70,(anonymous_49)
FNDA:1,dpiServiceGeneration
FNDA:1,(anonymous_51)
FNDA:8,(anonymous_52)
FNDA:0,(anonymous_53)
FNDA:0,(anonymous_54)
FNDA:1,(anonymous_55)
FNDA:3,(anonymous_56)
DA:1,1
DA:2,1
DA:4,10
DA:5,8
DA:6,11
DA:8,1
DA:9,29
DA:10,217
DA:11,16
DA:15,60
DA:16,104
DA:17,20
DA:18,13
DA:19,1
DA:24,1
DA:25,3
DA:26,2
DA:27,3
DA:28,2
DA:29,1
DA:30,2
DA:31,1
DA:32,1
DA:33,3
DA:35,3
DA:36,2
DA:37,1
DA:38,1
DA:39,3
DA:41,1
DA:42,1
DA:43,1
DA:44,1
DA:45,1
DA:48,1
DA:49,8
DA:50,71
DA:51,8
DA:52,3
DA:53,3
DA:54,3
DA:55,5
DA:56,5
DA:57,5
DA:58,5
DA:59,5
DA:60,5
DA:61,5
DA:62,5
DA:63,5
DA:64,5
DA:66,5
DA:67,1
DA:68,5
DA:69,1
DA:70,5
DA:71,5
DA:72,5
DA:73,6
DA:74,1
DA:75,1
DA:76,1
DA:77,1
DA:80,5
DA:82,5
DA:83,55
DA:87,56
DA:88,5
DA:90,5
DA:91,15
DA:92,3
DA:95,12
DA:99,40
DA:103,9
DA:107,12
DA:108,12
DA:112,5
DA:113,1
DA:114,1
DA:115,5
DA:119,5
DA:120,8
DA:122,5
DA:123,5
DA:125,5
DA:127,5
DA:128,5
DA:129,5
DA:130,5
DA:131,5
DA:133,5
DA:136,8
DA:139,1
DA:142,8
DA:147,8
DA:152,14
DA:153,8
DA:154,70
DA:155,8
DA:156,62
DA:158,13
DA:159,49
DA:162,8
DA:163,71
DA:165,8
DA:167,71
DA:171,22
DA:172,49
DA:176,0
DA:177,49
DA:180,8
DA:181,6
DA:182,68
DA:183,24
DA:186,8
DA:187,71
DA:188,1
DA:193,8
DA:194,70
DA:195,70
DA:198,75
DA:199,8
DA:202,8
DA:203,8
DA:204,70
DA:205,70
DA:209,8
DA:212,1
DA:213,1
DA:214,1
DA:215,1
DA:216,1
DA:217,1
DA:218,1
DA:219,1
DA:220,1
DA:221,1
DA:222,1
DA:223,8
DA:224,1
DA:225,1
DA:226,1
DA:228,1
DA:229,34
DA:230,34
DA:234,0
DA:237,34
DA:238,3
DA:240,3
DA:243,0
DA:245,0
DA:247,0
DA:248,3
DA:249,3
DA:256,3
DA:261,3
DA:262,1
DA:263,1
DA:264,1
DA:265,1
DA:266,0
DA:267,0
DA:269,0
DA:271,3
DA:272,3
DA:273,3
DA:274,9
DA:275,1
DA:276,1
DA:279,3
DA:280,3
DA:282,3
DA:283,3
DA:284,3
DA:285,3
DA:288,1
DA:289,1
DA:292,1
DA:296,1
DA:297,1
DA:298,1
DA:300,1
DA:301,42
DA:302,20
DA:305,1
DA:306,60
DA:307,24
DA:310,1
DA:311,1
DA:312,1
LF:190
LH:182
BRDA:10,0,0,16
BRDA:10,0,1,201
BRDA:10,1,0,217
BRDA:10,1,1,217
BRDA:15,2,0,6
BRDA:15,3,0,32
BRDA:15,3,1,28
BRDA:16,4,0,104
BRDA:16,4,1,24
BRDA:17,5,0,20
BRDA:17,5,1,4
BRDA:18,6,0,13
BRDA:18,6,1,2
BRDA:18,6,2,2
BRDA:25,7,0,2
BRDA:25,7,1,1
BRDA:26,8,0,1
BRDA:26,8,1,1
BRDA:27,9,0,2
BRDA:27,9,1,1
BRDA:28,10,0,1
BRDA:28,10,1,1
BRDA:31,11,0,0
BRDA:31,11,1,1
BRDA:35,12,0,2
BRDA:35,12,1,1
BRDA:37,13,0,0
BRDA:37,13,1,1
BRDA:41,14,0,1
BRDA:41,14,1,0
BRDA:43,15,0,0
BRDA:43,15,1,1
BRDA:48,16,0,3
BRDA:51,17,0,3
BRDA:51,17,1,5
BRDA:53,18,0,1
BRDA:53,18,1,2
BRDA:60,19,0,4
BRDA:60,19,1,1
BRDA:66,20,0,1
BRDA:66,20,1,4
BRDA:68,21,0,1
BRDA:68,21,1,4
BRDA:70,22,0,1
BRDA:70,22,1,4
BRDA:71,23,0,0
BRDA:71,23,1,1
BRDA:71,24,0,1
BRDA:71,24,1,1
BRDA:72,25,0,1
BRDA:72,25,1,4
BRDA:87,26,0,56
BRDA:87,26,1,5
BRDA:87,26,2,5
BRDA:87,26,3,4
BRDA:87,26,4,4
BRDA:87,27,0,15
BRDA:87,27,1,10
BRDA:87,28,0,0
BRDA:87,28,1,0
BRDA:91,29,0,3
BRDA:91,29,1,12
BRDA:95,30,0,12
BRDA:95,30,1,0
BRDA:96,31,0,12
BRDA:96,31,1,12
BRDA:96,31,2,12
BRDA:99,32,0,40
BRDA:99,32,1,40
BRDA:99,32,2,12
BRDA:99,32,3,9
BRDA:108,33,0,6
BRDA:108,33,1,6
BRDA:108,34,0,12
BRDA:108,34,1,9
BRDA:112,35,0,1
BRDA:112,35,1,4
BRDA:112,36,0,5
BRDA:112,36,1,1
BRDA:112,36,2,1
BRDA:115,37,0,1
BRDA:115,37,1,0
BRDA:120,38,0,1
BRDA:120,38,1,1
BRDA:125,39,0,2
BRDA:125,39,1,3
BRDA:127,40,0,3
BRDA:127,40,1,2
BRDA:128,41,0,3
BRDA:128,41,1,2
BRDA:147,42,0,8
BRDA:147,42,1,0
BRDA:152,43,0,8
BRDA:152,43,1,8
BRDA:153,44,0,1
BRDA:153,44,1,7
BRDA:156,45,0,13
BRDA:156,45,1,49
BRDA:163,46,0,71
BRDA:163,46,1,63
BRDA:163,46,2,15
BRDA:163,46,3,58
BRDA:163,46,4,55
BRDA:164,47,0,63
BRDA:164,47,1,53
BRDA:164,47,2,48
BRDA:164,47,3,45
BRDA:167,48,0,22
BRDA:167,48,1,49
BRDA:168,49,0,71
BRDA:168,49,1,4
BRDA:168,49,2,67
BRDA:168,49,3,23
BRDA:168,49,4,23
BRDA:172,50,0,0
BRDA:172,50,1,49
BRDA:173,51,0,49
BRDA:173,51,1,0
BRDA:173,51,2,49
BRDA:173,51,3,5
BRDA:173,51,4,5
BRDA:180,52,0,6
BRDA:180,52,1,2
BRDA:189,53,0,7
BRDA:189,53,1,1
BRDA:189,54,0,8
BRDA:189,54,1,8
BRDA:198,55,0,8
BRDA:198,55,1,0
BRDA:199,56,0,8
BRDA:199,56,1,4
BRDA:199,56,2,4
BRDA:201,57,0,2
BRDA:201,57,1,2
BRDA:217,58,0,0
BRDA:217,58,1,1
BRDA:223,59,0,7
BRDA:223,59,1,1
BRDA:230,60,0,0
BRDA:230,60,1,34
BRDA:231,61,0,34
BRDA:231,61,1,0
BRDA:231,61,2,0
BRDA:231,61,3,0
BRDA:231,61,4,0
BRDA:231,61,5,0
BRDA:237,62,0,3
BRDA:237,62,1,31
BRDA:237,63,0,34
BRDA:237,63,1,34
BRDA:237,63,2,34
BRDA:237,63,3,22
BRDA:237,63,4,8
BRDA:240,64,0,0
BRDA:240,64,1,3
BRDA:241,65,0,3
BRDA:241,65,1,0
BRDA:243,66,0,0
BRDA:243,66,1,0
BRDA:243,66,2,0
BRDA:245,67,0,0
BRDA:245,67,1,0
BRDA:257,68,0,3
BRDA:257,68,1,0
BRDA:258,69,0,3
BRDA:258,69,1,0
BRDA:259,70,0,3
BRDA:259,70,1,1
BRDA:265,71,0,1
BRDA:265,71,1,0
BRDA:267,72,0,0
BRDA:267,72,1,0
BRDA:274,73,0,1
BRDA:274,73,1,8
BRDA:276,74,0,1
BRDA:276,74,1,0
BRDA:280,75,0,1
BRDA:280,75,1,2
BRDA:297,76,0,1
BRDA:297,76,1,0
BRDA:301,77,0,20
BRDA:301,77,1,22
BRDA:301,78,0,42
BRDA:301,78,1,25
BRDA:301,78,2,24
BRDA:301,78,3,23
BRDA:301,78,4,20
BRDA:306,79,0,24
BRDA:306,79,1,36
BRDA:306,80,0,60
BRDA:306,80,1,47
BRDA:306,80,2,26
BRF:192
BRH:158
end_of_record
